{"/home/travis/build/npmtest/node-npmtest-whatwg-fetch/test.js":{"path":"/home/travis/build/npmtest/node-npmtest-whatwg-fetch/test.js","s":{"1":2,"2":2,"3":2,"4":2,"5":2,"6":2,"7":2,"8":1,"9":2,"10":2,"11":1,"12":1,"13":1,"14":1,"15":2,"16":2,"17":2,"18":2,"19":1,"20":1,"21":2,"22":2,"23":2,"24":1,"25":1,"26":1,"27":1,"28":1,"29":1,"30":1,"31":1,"32":1,"33":1,"34":1,"35":1,"36":1,"37":1,"38":1,"39":2,"40":2,"41":1,"42":2,"43":2,"44":1,"45":2,"46":2,"47":1,"48":2,"49":2,"50":1,"51":1,"52":1,"53":1,"54":1},"b":{"1":[2,1,1,1],"2":[1,1,1,1],"3":[1,1],"4":[1,1],"5":[1,1],"6":[1,1],"7":[1,1],"8":[1,1],"9":[1,1],"10":[1,1,1],"11":[1,1],"12":[1,1],"13":[1,1],"14":[1,1],"15":[1,1],"16":[1,1],"17":[1,1]},"f":{"1":2,"2":2,"3":2,"4":2,"5":2,"6":1,"7":1,"8":1,"9":2,"10":2,"11":2,"12":2,"13":1},"fnMap":{"1":{"name":"(anonymous_1)","line":12,"loc":{"start":{"line":12,"column":1},"end":{"line":12,"column":13}}},"2":{"name":"(anonymous_2)","line":19,"loc":{"start":{"line":19,"column":5},"end":{"line":19,"column":17}}},"3":{"name":"(anonymous_3)","line":23,"loc":{"start":{"line":23,"column":24},"end":{"line":23,"column":36}}},"4":{"name":"(anonymous_4)","line":61,"loc":{"start":{"line":61,"column":5},"end":{"line":61,"column":17}}},"5":{"name":"(anonymous_5)","line":82,"loc":{"start":{"line":82,"column":5},"end":{"line":82,"column":17}}},"6":{"name":"(anonymous_6)","line":91,"loc":{"start":{"line":91,"column":77},"end":{"line":94,"column":10}}},"7":{"name":"(anonymous_7)","line":112,"loc":{"start":{"line":112,"column":83},"end":{"line":115,"column":10}},"skip":true},"8":{"name":"(anonymous_8)","line":123,"loc":{"start":{"line":123,"column":77},"end":{"line":126,"column":10}},"skip":true},"9":{"name":"(anonymous_9)","line":139,"loc":{"start":{"line":139,"column":12},"end":{"line":139,"column":40}},"skip":true},"10":{"name":"(anonymous_10)","line":147,"loc":{"start":{"line":147,"column":77},"end":{"line":150,"column":10}},"skip":true},"11":{"name":"(anonymous_11)","line":158,"loc":{"start":{"line":158,"column":83},"end":{"line":161,"column":10}},"skip":true},"12":{"name":"(anonymous_12)","line":169,"loc":{"start":{"line":169,"column":79},"end":{"line":172,"column":10}},"skip":true},"13":{"name":"(anonymous_13)","line":180,"loc":{"start":{"line":180,"column":75},"end":{"line":183,"column":10}},"skip":true}},"statementMap":{"1":{"start":{"line":12,"column":0},"end":{"line":195,"column":5}},"2":{"start":{"line":14,"column":4},"end":{"line":14,"column":14}},"3":{"start":{"line":19,"column":4},"end":{"line":56,"column":9}},"4":{"start":{"line":21,"column":8},"end":{"line":21,"column":19}},"5":{"start":{"line":23,"column":8},"end":{"line":35,"column":13}},"6":{"start":{"line":24,"column":12},"end":{"line":34,"column":13}},"7":{"start":{"line":25,"column":16},"end":{"line":28,"column":30}},"8":{"start":{"line":30,"column":16},"end":{"line":33,"column":27}},"9":{"start":{"line":37,"column":8},"end":{"line":39,"column":21}},"10":{"start":{"line":40,"column":8},"end":{"line":53,"column":9}},"11":{"start":{"line":43,"column":12},"end":{"line":46,"column":14}},"12":{"start":{"line":47,"column":12},"end":{"line":47,"column":18}},"13":{"start":{"line":50,"column":12},"end":{"line":51,"column":33}},"14":{"start":{"line":52,"column":12},"end":{"line":52,"column":18}},"15":{"start":{"line":55,"column":8},"end":{"line":55,"column":35}},"16":{"start":{"line":61,"column":4},"end":{"line":63,"column":9}},"17":{"start":{"line":62,"column":8},"end":{"line":62,"column":15}},"18":{"start":{"line":64,"column":4},"end":{"line":77,"column":5}},"19":{"start":{"line":70,"column":8},"end":{"line":70,"column":14}},"20":{"start":{"line":76,"column":8},"end":{"line":76,"column":14}},"21":{"start":{"line":82,"column":4},"end":{"line":84,"column":9}},"22":{"start":{"line":83,"column":8},"end":{"line":83,"column":15}},"23":{"start":{"line":85,"column":4},"end":{"line":194,"column":5}},"24":{"start":{"line":91,"column":8},"end":{"line":99,"column":10}},"25":{"start":{"line":98,"column":12},"end":{"line":98,"column":35}},"26":{"start":{"line":102,"column":8},"end":{"line":104,"column":63}},"27":{"start":{"line":105,"column":8},"end":{"line":105,"column":14}},"28":{"start":{"line":112,"column":8},"end":{"line":121,"column":10},"skip":true},"29":{"start":{"line":119,"column":12},"end":{"line":119,"column":55},"skip":true},"30":{"start":{"line":120,"column":12},"end":{"line":120,"column":48},"skip":true},"31":{"start":{"line":123,"column":8},"end":{"line":136,"column":10},"skip":true},"32":{"start":{"line":130,"column":12},"end":{"line":130,"column":76},"skip":true},"33":{"start":{"line":131,"column":12},"end":{"line":131,"column":73},"skip":true},"34":{"start":{"line":132,"column":12},"end":{"line":132,"column":74},"skip":true},"35":{"start":{"line":133,"column":12},"end":{"line":133,"column":79},"skip":true},"36":{"start":{"line":134,"column":12},"end":{"line":134,"column":25},"skip":true},"37":{"start":{"line":135,"column":12},"end":{"line":135,"column":45},"skip":true},"38":{"start":{"line":138,"column":8},"end":{"line":145,"column":14},"skip":true},"39":{"start":{"line":143,"column":16},"end":{"line":143,"column":29},"skip":true},"40":{"start":{"line":144,"column":16},"end":{"line":144,"column":55},"skip":true},"41":{"start":{"line":147,"column":8},"end":{"line":156,"column":10},"skip":true},"42":{"start":{"line":154,"column":12},"end":{"line":154,"column":25},"skip":true},"43":{"start":{"line":155,"column":12},"end":{"line":155,"column":45},"skip":true},"44":{"start":{"line":158,"column":8},"end":{"line":167,"column":10},"skip":true},"45":{"start":{"line":165,"column":12},"end":{"line":165,"column":25},"skip":true},"46":{"start":{"line":166,"column":12},"end":{"line":166,"column":48},"skip":true},"47":{"start":{"line":169,"column":8},"end":{"line":178,"column":10},"skip":true},"48":{"start":{"line":176,"column":12},"end":{"line":176,"column":25},"skip":true},"49":{"start":{"line":177,"column":12},"end":{"line":177,"column":46},"skip":true},"50":{"start":{"line":180,"column":8},"end":{"line":189,"column":10},"skip":true},"51":{"start":{"line":187,"column":12},"end":{"line":187,"column":94},"skip":true},"52":{"start":{"line":188,"column":12},"end":{"line":188,"column":48},"skip":true},"53":{"start":{"line":192,"column":8},"end":{"line":192,"column":35},"skip":true},"54":{"start":{"line":193,"column":8},"end":{"line":193,"column":14},"skip":true}},"branchMap":{"1":{"line":25,"type":"binary-expr","locations":[{"start":{"line":25,"column":23},"end":{"line":25,"column":62}},{"start":{"line":26,"column":20},"end":{"line":26,"column":70}},{"start":{"line":27,"column":20},"end":{"line":27,"column":71}},{"start":{"line":28,"column":20},"end":{"line":28,"column":29}}]},"2":{"line":30,"type":"binary-expr","locations":[{"start":{"line":30,"column":23},"end":{"line":30,"column":37}},{"start":{"line":31,"column":20},"end":{"line":31,"column":61}},{"start":{"line":32,"column":20},"end":{"line":32,"column":70}},{"start":{"line":33,"column":20},"end":{"line":33,"column":26}}]},"3":{"line":37,"type":"cond-expr","locations":[{"start":{"line":38,"column":14},"end":{"line":38,"column":20}},{"start":{"line":39,"column":14},"end":{"line":39,"column":20}}]},"4":{"line":40,"type":"switch","locations":[{"start":{"line":42,"column":8},"end":{"line":47,"column":18}},{"start":{"line":49,"column":8},"end":{"line":52,"column":18}}]},"5":{"line":44,"type":"binary-expr","locations":[{"start":{"line":44,"column":16},"end":{"line":44,"column":44}},{"start":{"line":44,"column":48},"end":{"line":44,"column":66}}]},"6":{"line":50,"type":"binary-expr","locations":[{"start":{"line":50,"column":21},"end":{"line":50,"column":49}},{"start":{"line":50,"column":53},"end":{"line":50,"column":72}}]},"7":{"line":64,"type":"switch","locations":[{"start":{"line":69,"column":4},"end":{"line":70,"column":14}},{"start":{"line":75,"column":4},"end":{"line":76,"column":14}}]},"8":{"line":85,"type":"switch","locations":[{"start":{"line":90,"column":4},"end":{"line":105,"column":14}},{"start":{"line":111,"column":4},"end":{"line":193,"column":14},"skip":true}]},"9":{"line":91,"type":"binary-expr","locations":[{"start":{"line":91,"column":42},"end":{"line":91,"column":73}},{"start":{"line":91,"column":77},"end":{"line":99,"column":9}}]},"10":{"line":102,"type":"binary-expr","locations":[{"start":{"line":102,"column":18},"end":{"line":102,"column":32}},{"start":{"line":103,"column":12},"end":{"line":103,"column":53}},{"start":{"line":104,"column":12},"end":{"line":104,"column":61}}]},"11":{"line":112,"type":"binary-expr","locations":[{"start":{"line":112,"column":45},"end":{"line":112,"column":79},"skip":true},{"start":{"line":112,"column":83},"end":{"line":121,"column":9},"skip":true}]},"12":{"line":123,"type":"binary-expr","locations":[{"start":{"line":123,"column":42},"end":{"line":123,"column":73},"skip":true},{"start":{"line":123,"column":77},"end":{"line":136,"column":9},"skip":true}]},"13":{"line":138,"type":"binary-expr","locations":[{"start":{"line":138,"column":48},"end":{"line":138,"column":85},"skip":true},{"start":{"line":139,"column":12},"end":{"line":145,"column":13},"skip":true}]},"14":{"line":147,"type":"binary-expr","locations":[{"start":{"line":147,"column":42},"end":{"line":147,"column":73},"skip":true},{"start":{"line":147,"column":77},"end":{"line":156,"column":9},"skip":true}]},"15":{"line":158,"type":"binary-expr","locations":[{"start":{"line":158,"column":45},"end":{"line":158,"column":79},"skip":true},{"start":{"line":158,"column":83},"end":{"line":167,"column":9},"skip":true}]},"16":{"line":169,"type":"binary-expr","locations":[{"start":{"line":169,"column":43},"end":{"line":169,"column":75},"skip":true},{"start":{"line":169,"column":79},"end":{"line":178,"column":9},"skip":true}]},"17":{"line":180,"type":"binary-expr","locations":[{"start":{"line":180,"column":41},"end":{"line":180,"column":71},"skip":true},{"start":{"line":180,"column":75},"end":{"line":189,"column":9},"skip":true}]}},"code":["/* istanbul instrument in package npmtest_whatwg_fetch */","/*jslint","    bitwise: true,","    browser: true,","    maxerr: 8,","    maxlen: 96,","    node: true,","    nomen: true,","    regexp: true,","    stupid: true","*/","(function () {","    'use strict';","    var local;","","","","    // run shared js-env code - init-before","    (function () {","        // init local","        local = {};","        // init modeJs","        local.modeJs = (function () {","            try {","                return typeof navigator.userAgent === 'string' &&","                    typeof document.querySelector('body') === 'object' &&","                    typeof XMLHttpRequest.prototype.open === 'function' &&","                    'browser';","            } catch (errorCaughtBrowser) {","                return module.exports &&","                    typeof process.versions.node === 'string' &&","                    typeof require('http').createServer === 'function' &&","                    'node';","            }","        }());","        // init global","        local.global = local.modeJs === 'browser'","            ? window","            : global;","        switch (local.modeJs) {","        // re-init local from window.local","        case 'browser':","            local = local.global.utility2.objectSetDefault(","                local.global.utility2_rollup || local.global.local,","                local.global.utility2","            );","            break;","        // re-init local from example.js","        case 'node':","            local = (local.global.utility2_rollup || require('utility2'))","                .requireReadme();","            break;","        }","        // export local","        local.global.local = local;","    }());","","","","    // run shared js-env code - function","    (function () {","        return;","    }());","    switch (local.modeJs) {","","","","    // run browser js-env code - function","    case 'browser':","        break;","","","","    // run node js-env code - function","    case 'node':","        break;","    }","","","","    // run shared js-env code - init-after","    (function () {","        return;","    }());","    switch (local.modeJs) {","","","","    // run browser js-env code - init-after","    case 'browser':","        local.testCase_browser_nullCase = local.testCase_browser_nullCase || function (","            options,","            onError","        ) {","        /*","         * this function will test browsers's null-case handling-behavior-behavior","         */","            onError(null, options);","        };","","        // run tests","        local.nop(local.modeTest &&","            document.querySelector('#testRunButton1') &&","            document.querySelector('#testRunButton1').click());","        break;","","","","    // run node js-env code - init-after","    /* istanbul ignore next */","    case 'node':","        local.testCase_buildApidoc_default = local.testCase_buildApidoc_default || function (","            options,","            onError","        ) {","        /*","         * this function will test buildApidoc's default handling-behavior-behavior","         */","            options = { modulePathList: module.paths };","            local.buildApidoc(options, onError);","        };","","        local.testCase_buildApp_default = local.testCase_buildApp_default || function (","            options,","            onError","        ) {","        /*","         * this function will test buildApp's default handling-behavior-behavior","         */","            local.testCase_buildReadme_default(options, local.onErrorThrow);","            local.testCase_buildLib_default(options, local.onErrorThrow);","            local.testCase_buildTest_default(options, local.onErrorThrow);","            local.testCase_buildCustomOrg_default(options, local.onErrorThrow);","            options = [];","            local.buildApp(options, onError);","        };","","        local.testCase_buildCustomOrg_default = local.testCase_buildCustomOrg_default ||","            function (options, onError) {","            /*","             * this function will test buildCustomOrg's default handling-behavior","             */","                options = {};","                local.buildCustomOrg(options, onError);","            };","","        local.testCase_buildLib_default = local.testCase_buildLib_default || function (","            options,","            onError","        ) {","        /*","         * this function will test buildLib's default handling-behavior","         */","            options = {};","            local.buildLib(options, onError);","        };","","        local.testCase_buildReadme_default = local.testCase_buildReadme_default || function (","            options,","            onError","        ) {","        /*","         * this function will test buildReadme's default handling-behavior-behavior","         */","            options = {};","            local.buildReadme(options, onError);","        };","","        local.testCase_buildTest_default = local.testCase_buildTest_default || function (","            options,","            onError","        ) {","        /*","         * this function will test buildTest's default handling-behavior","         */","            options = {};","            local.buildTest(options, onError);","        };","","        local.testCase_webpage_default = local.testCase_webpage_default || function (","            options,","            onError","        ) {","        /*","         * this function will test webpage's default handling-behavior","         */","            options = { modeCoverageMerge: true, url: local.serverLocalHost + '?modeTest=1' };","            local.browserTest(options, onError);","        };","","        // run test-server","        local.testRunServer(local);","        break;","    }","}());",""],"l":{"12":2,"14":2,"19":2,"21":2,"23":2,"24":2,"25":2,"30":1,"37":2,"40":2,"43":1,"47":1,"50":1,"52":1,"55":2,"61":2,"62":2,"64":2,"70":1,"76":1,"82":2,"83":2,"85":2,"91":1,"98":1,"102":1,"105":1,"112":1,"119":1,"120":1,"123":1,"130":1,"131":1,"132":1,"133":1,"134":1,"135":1,"138":1,"143":2,"144":2,"147":1,"154":2,"155":2,"158":1,"165":2,"166":2,"169":1,"176":2,"177":2,"180":1,"187":1,"188":1,"192":1,"193":1}},"/home/travis/build/npmtest/node-npmtest-whatwg-fetch/lib.npmtest_whatwg_fetch.js":{"path":"/home/travis/build/npmtest/node-npmtest-whatwg-fetch/lib.npmtest_whatwg_fetch.js","s":{"1":2,"2":2,"3":2,"4":2,"5":2,"6":2,"7":2,"8":1,"9":2,"10":2,"11":2,"12":2,"13":1,"14":1,"15":1,"16":1},"b":{"1":[2,1,1,1],"2":[1,1,1,1],"3":[1,1],"4":[2,2],"5":[1,1]},"f":{"1":2,"2":2,"3":2},"fnMap":{"1":{"name":"(anonymous_1)","line":12,"loc":{"start":{"line":12,"column":1},"end":{"line":12,"column":13}}},"2":{"name":"(anonymous_2)","line":19,"loc":{"start":{"line":19,"column":5},"end":{"line":19,"column":17}}},"3":{"name":"(anonymous_3)","line":23,"loc":{"start":{"line":23,"column":24},"end":{"line":23,"column":36}}}},"statementMap":{"1":{"start":{"line":12,"column":0},"end":{"line":53,"column":5}},"2":{"start":{"line":14,"column":4},"end":{"line":14,"column":14}},"3":{"start":{"line":19,"column":4},"end":{"line":52,"column":9}},"4":{"start":{"line":21,"column":8},"end":{"line":21,"column":19}},"5":{"start":{"line":23,"column":8},"end":{"line":35,"column":13}},"6":{"start":{"line":24,"column":12},"end":{"line":34,"column":13}},"7":{"start":{"line":25,"column":16},"end":{"line":28,"column":30}},"8":{"start":{"line":30,"column":16},"end":{"line":33,"column":27}},"9":{"start":{"line":37,"column":8},"end":{"line":39,"column":21}},"10":{"start":{"line":41,"column":8},"end":{"line":41,"column":54}},"11":{"start":{"line":43,"column":8},"end":{"line":43,"column":57}},"12":{"start":{"line":45,"column":8},"end":{"line":51,"column":9}},"13":{"start":{"line":46,"column":12},"end":{"line":46,"column":63}},"14":{"start":{"line":48,"column":12},"end":{"line":48,"column":35}},"15":{"start":{"line":49,"column":12},"end":{"line":49,"column":49}},"16":{"start":{"line":50,"column":12},"end":{"line":50,"column":43}}},"branchMap":{"1":{"line":25,"type":"binary-expr","locations":[{"start":{"line":25,"column":23},"end":{"line":25,"column":62}},{"start":{"line":26,"column":20},"end":{"line":26,"column":70}},{"start":{"line":27,"column":20},"end":{"line":27,"column":71}},{"start":{"line":28,"column":20},"end":{"line":28,"column":29}}]},"2":{"line":30,"type":"binary-expr","locations":[{"start":{"line":30,"column":23},"end":{"line":30,"column":37}},{"start":{"line":31,"column":20},"end":{"line":31,"column":61}},{"start":{"line":32,"column":20},"end":{"line":32,"column":70}},{"start":{"line":33,"column":20},"end":{"line":33,"column":26}}]},"3":{"line":37,"type":"cond-expr","locations":[{"start":{"line":38,"column":14},"end":{"line":38,"column":20}},{"start":{"line":39,"column":14},"end":{"line":39,"column":20}}]},"4":{"line":41,"type":"binary-expr","locations":[{"start":{"line":41,"column":16},"end":{"line":41,"column":44}},{"start":{"line":41,"column":48},"end":{"line":41,"column":53}}]},"5":{"line":45,"type":"if","locations":[{"start":{"line":45,"column":8},"end":{"line":45,"column":8}},{"start":{"line":45,"column":8},"end":{"line":45,"column":8}}]}},"code":["/* istanbul instrument in package npmtest_whatwg_fetch */","/*jslint","    bitwise: true,","    browser: true,","    maxerr: 8,","    maxlen: 96,","    node: true,","    nomen: true,","    regexp: true,","    stupid: true","*/","(function () {","    'use strict';","    var local;","","","","    // run shared js-env code - init-before","    (function () {","        // init local","        local = {};","        // init modeJs","        local.modeJs = (function () {","            try {","                return typeof navigator.userAgent === 'string' &&","                    typeof document.querySelector('body') === 'object' &&","                    typeof XMLHttpRequest.prototype.open === 'function' &&","                    'browser';","            } catch (errorCaughtBrowser) {","                return module.exports &&","                    typeof process.versions.node === 'string' &&","                    typeof require('http').createServer === 'function' &&","                    'node';","            }","        }());","        // init global","        local.global = local.modeJs === 'browser'","            ? window","            : global;","        // init utility2_rollup","        local = local.global.utility2_rollup || local;","        // init lib","        local.local = local.npmtest_whatwg_fetch = local;","        // init exports","        if (local.modeJs === 'browser') {","            local.global.utility2_npmtest_whatwg_fetch = local;","        } else {","            module.exports = local;","            module.exports.__dirname = __dirname;","            module.exports.module = module;","        }","    }());","}());",""],"l":{"12":2,"14":2,"19":2,"21":2,"23":2,"24":2,"25":2,"30":1,"37":2,"41":2,"43":2,"45":2,"46":1,"48":1,"49":1,"50":1}},"/home/travis/build/npmtest/node-npmtest-whatwg-fetch/example.js":{"path":"/home/travis/build/npmtest/node-npmtest-whatwg-fetch/example.js","s":{"1":2,"2":2,"3":2,"4":2,"5":2,"6":2,"7":2,"8":1,"9":2,"10":2,"11":2,"12":2,"13":1,"14":2,"15":2,"16":2,"17":2,"18":2,"19":0,"20":2,"21":1,"22":1,"23":1,"24":1,"25":1,"26":0,"27":0,"28":1,"29":1,"30":2,"31":0,"32":0,"33":0,"34":1,"35":2,"36":2,"37":3,"38":3,"39":3,"40":3,"41":0,"42":3,"43":3,"44":3,"45":1,"46":3,"47":1,"48":1,"49":1,"50":1,"51":1,"52":1,"53":1,"54":1,"55":1,"56":1,"57":0,"58":1,"59":6,"60":6,"61":1,"62":2,"63":0,"64":2,"65":1,"66":1,"67":0,"68":0,"69":0,"70":0,"71":0,"72":0,"73":0,"74":0,"75":0,"76":0,"77":0,"78":0,"79":0,"80":0,"81":0,"82":0,"83":0},"b":{"1":[2,1,1,1],"2":[1,1,1,1],"3":[1,1],"4":[2,2],"5":[1,1],"6":[1,1],"7":[2,0],"8":[2,1,1,1,1,1],"9":[0,2,0],"10":[1,1],"11":[2,1,1],"12":[1,0],"13":[0,2],"14":[2,0,0,0,0,0,0],"15":[0,3],"16":[3,0],"17":[1,1],"18":[0,1],"19":[1,2,0,2],"20":[1,0],"21":[1,1],"22":[0,0],"23":[0,0],"24":[0,0],"25":[0,0],"26":[0,0],"27":[0,0],"28":[0,0]},"f":{"1":2,"2":2,"3":2,"4":2,"5":2,"6":2,"7":3,"8":3,"9":3,"10":1,"11":6,"12":0},"fnMap":{"1":{"name":"(anonymous_1)","line":26,"loc":{"start":{"line":26,"column":1},"end":{"line":26,"column":13}}},"2":{"name":"(anonymous_2)","line":33,"loc":{"start":{"line":33,"column":5},"end":{"line":33,"column":17}}},"3":{"name":"(anonymous_3)","line":37,"loc":{"start":{"line":37,"column":24},"end":{"line":37,"column":36}}},"4":{"name":"(anonymous_4)","line":69,"loc":{"start":{"line":69,"column":31},"end":{"line":69,"column":48}},"skip":true},"5":{"name":"(anonymous_5)","line":78,"loc":{"start":{"line":78,"column":26},"end":{"line":78,"column":45}},"skip":true},"6":{"name":"(anonymous_6)","line":123,"loc":{"start":{"line":123,"column":33},"end":{"line":123,"column":48}},"skip":true},"7":{"name":"(anonymous_7)","line":125,"loc":{"start":{"line":125,"column":27},"end":{"line":125,"column":39}},"skip":true},"8":{"name":"(anonymous_8)","line":133,"loc":{"start":{"line":133,"column":59},"end":{"line":133,"column":74}},"skip":true},"9":{"name":"(anonymous_9)","line":143,"loc":{"start":{"line":143,"column":45},"end":{"line":143,"column":62}},"skip":true},"10":{"name":"(anonymous_10)","line":144,"loc":{"start":{"line":144,"column":73},"end":{"line":144,"column":92}},"skip":true},"11":{"name":"(anonymous_11)","line":272,"loc":{"start":{"line":272,"column":51},"end":{"line":272,"column":77}},"skip":true},"12":{"name":"(anonymous_12)","line":315,"loc":{"start":{"line":315,"column":32},"end":{"line":315,"column":61}},"skip":true}},"statementMap":{"1":{"start":{"line":26,"column":0},"end":{"line":326,"column":5}},"2":{"start":{"line":28,"column":4},"end":{"line":28,"column":14}},"3":{"start":{"line":33,"column":4},"end":{"line":60,"column":9}},"4":{"start":{"line":35,"column":8},"end":{"line":35,"column":19}},"5":{"start":{"line":37,"column":8},"end":{"line":49,"column":13}},"6":{"start":{"line":38,"column":12},"end":{"line":48,"column":13}},"7":{"start":{"line":39,"column":16},"end":{"line":42,"column":30}},"8":{"start":{"line":44,"column":16},"end":{"line":47,"column":27}},"9":{"start":{"line":51,"column":8},"end":{"line":53,"column":21}},"10":{"start":{"line":55,"column":8},"end":{"line":57,"column":45}},"11":{"start":{"line":59,"column":8},"end":{"line":59,"column":35}},"12":{"start":{"line":61,"column":4},"end":{"line":325,"column":5}},"13":{"start":{"line":69,"column":8},"end":{"line":121,"column":10},"skip":true},"14":{"start":{"line":70,"column":12},"end":{"line":88,"column":13},"skip":true},"15":{"start":{"line":76,"column":16},"end":{"line":87,"column":19},"skip":true},"16":{"start":{"line":79,"column":20},"end":{"line":86,"column":21},"skip":true},"17":{"start":{"line":82,"column":24},"end":{"line":82,"column":43},"skip":true},"18":{"start":{"line":83,"column":24},"end":{"line":83,"column":30},"skip":true},"19":{"start":{"line":85,"column":24},"end":{"line":85,"column":49},"skip":true},"20":{"start":{"line":89,"column":12},"end":{"line":107,"column":13},"skip":true},"21":{"start":{"line":92,"column":16},"end":{"line":102,"column":17},"skip":true},"22":{"start":{"line":93,"column":20},"end":{"line":93,"column":86},"skip":true},"23":{"start":{"line":94,"column":20},"end":{"line":95,"column":45},"skip":true},"24":{"start":{"line":96,"column":20},"end":{"line":96,"column":42},"skip":true},"25":{"start":{"line":97,"column":20},"end":{"line":97,"column":48},"skip":true},"26":{"start":{"line":100,"column":20},"end":{"line":100,"column":85},"skip":true},"27":{"start":{"line":101,"column":20},"end":{"line":101,"column":96},"skip":true},"28":{"start":{"line":103,"column":16},"end":{"line":103,"column":22},"skip":true},"29":{"start":{"line":106,"column":16},"end":{"line":106,"column":22},"skip":true},"30":{"start":{"line":108,"column":12},"end":{"line":120,"column":13},"skip":true},"31":{"start":{"line":114,"column":16},"end":{"line":119,"column":17},"skip":true},"32":{"start":{"line":116,"column":20},"end":{"line":116,"column":78},"skip":true},"33":{"start":{"line":118,"column":20},"end":{"line":118,"column":47},"skip":true},"34":{"start":{"line":123,"column":8},"end":{"line":141,"column":11},"skip":true},"35":{"start":{"line":124,"column":12},"end":{"line":124,"column":54},"skip":true},"36":{"start":{"line":125,"column":12},"end":{"line":140,"column":14},"skip":true},"37":{"start":{"line":126,"column":16},"end":{"line":126,"column":28},"skip":true},"38":{"start":{"line":127,"column":16},"end":{"line":127,"column":69},"skip":true},"39":{"start":{"line":128,"column":16},"end":{"line":128,"column":75},"skip":true},"40":{"start":{"line":129,"column":16},"end":{"line":131,"column":17},"skip":true},"41":{"start":{"line":130,"column":20},"end":{"line":130,"column":27},"skip":true},"42":{"start":{"line":133,"column":16},"end":{"line":137,"column":36},"skip":true},"43":{"start":{"line":134,"column":20},"end":{"line":136,"column":55},"skip":true},"44":{"start":{"line":139,"column":16},"end":{"line":139,"column":57},"skip":true},"45":{"start":{"line":143,"column":8},"end":{"line":147,"column":11},"skip":true},"46":{"start":{"line":144,"column":12},"end":{"line":146,"column":15},"skip":true},"47":{"start":{"line":145,"column":16},"end":{"line":145,"column":70},"skip":true},"48":{"start":{"line":149,"column":8},"end":{"line":149,"column":31},"skip":true},"49":{"start":{"line":150,"column":8},"end":{"line":150,"column":14},"skip":true},"50":{"start":{"line":158,"column":8},"end":{"line":158,"column":31},"skip":true},"51":{"start":{"line":160,"column":8},"end":{"line":160,"column":33},"skip":true},"52":{"start":{"line":161,"column":8},"end":{"line":161,"column":37},"skip":true},"53":{"start":{"line":162,"column":8},"end":{"line":162,"column":35},"skip":true},"54":{"start":{"line":164,"column":8},"end":{"line":164,"column":50},"skip":true},"55":{"start":{"line":166,"column":8},"end":{"line":256,"column":2},"skip":true},"56":{"start":{"line":258,"column":8},"end":{"line":286,"column":9},"skip":true},"57":{"start":{"line":259,"column":12},"end":{"line":269,"column":14},"skip":true},"58":{"start":{"line":271,"column":12},"end":{"line":285,"column":19},"skip":true},"59":{"start":{"line":274,"column":20},"end":{"line":274,"column":35},"skip":true},"60":{"start":{"line":275,"column":20},"end":{"line":284,"column":21},"skip":true},"61":{"start":{"line":277,"column":24},"end":{"line":277,"column":64},"skip":true},"62":{"start":{"line":279,"column":24},"end":{"line":279,"column":40},"skip":true},"63":{"start":{"line":281,"column":24},"end":{"line":281,"column":40},"skip":true},"64":{"start":{"line":283,"column":24},"end":{"line":283,"column":39},"skip":true},"65":{"start":{"line":288,"column":8},"end":{"line":290,"column":9},"skip":true},"66":{"start":{"line":289,"column":12},"end":{"line":289,"column":18},"skip":true},"67":{"start":{"line":291,"column":8},"end":{"line":293,"column":54},"skip":true},"68":{"start":{"line":296,"column":8},"end":{"line":301,"column":37},"skip":true},"69":{"start":{"line":303,"column":8},"end":{"line":303,"column":82},"skip":true},"70":{"start":{"line":306,"column":8},"end":{"line":308,"column":9},"skip":true},"71":{"start":{"line":307,"column":12},"end":{"line":307,"column":82},"skip":true},"72":{"start":{"line":310,"column":8},"end":{"line":312,"column":9},"skip":true},"73":{"start":{"line":311,"column":12},"end":{"line":311,"column":18},"skip":true},"74":{"start":{"line":313,"column":8},"end":{"line":313,"column":54},"skip":true},"75":{"start":{"line":314,"column":8},"end":{"line":314,"column":69},"skip":true},"76":{"start":{"line":315,"column":8},"end":{"line":323,"column":36},"skip":true},"77":{"start":{"line":316,"column":12},"end":{"line":316,"column":61},"skip":true},"78":{"start":{"line":317,"column":12},"end":{"line":320,"column":13},"skip":true},"79":{"start":{"line":318,"column":16},"end":{"line":318,"column":75},"skip":true},"80":{"start":{"line":319,"column":16},"end":{"line":319,"column":23},"skip":true},"81":{"start":{"line":321,"column":12},"end":{"line":321,"column":38},"skip":true},"82":{"start":{"line":322,"column":12},"end":{"line":322,"column":27},"skip":true},"83":{"start":{"line":324,"column":8},"end":{"line":324,"column":14},"skip":true}},"branchMap":{"1":{"line":39,"type":"binary-expr","locations":[{"start":{"line":39,"column":23},"end":{"line":39,"column":62}},{"start":{"line":40,"column":20},"end":{"line":40,"column":70}},{"start":{"line":41,"column":20},"end":{"line":41,"column":71}},{"start":{"line":42,"column":20},"end":{"line":42,"column":29}}]},"2":{"line":44,"type":"binary-expr","locations":[{"start":{"line":44,"column":23},"end":{"line":44,"column":37}},{"start":{"line":45,"column":20},"end":{"line":45,"column":61}},{"start":{"line":46,"column":20},"end":{"line":46,"column":70}},{"start":{"line":47,"column":20},"end":{"line":47,"column":26}}]},"3":{"line":51,"type":"cond-expr","locations":[{"start":{"line":52,"column":14},"end":{"line":52,"column":20}},{"start":{"line":53,"column":14},"end":{"line":53,"column":20}}]},"4":{"line":55,"type":"binary-expr","locations":[{"start":{"line":55,"column":16},"end":{"line":55,"column":44}},{"start":{"line":55,"column":49},"end":{"line":57,"column":43}}]},"5":{"line":55,"type":"cond-expr","locations":[{"start":{"line":56,"column":14},"end":{"line":56,"column":56}},{"start":{"line":57,"column":14},"end":{"line":57,"column":43}}]},"6":{"line":61,"type":"switch","locations":[{"start":{"line":68,"column":4},"end":{"line":150,"column":14},"skip":true},{"start":{"line":156,"column":4},"end":{"line":324,"column":14},"skip":true}]},"7":{"line":70,"type":"if","locations":[{"start":{"line":70,"column":12},"end":{"line":70,"column":12},"skip":true},{"start":{"line":70,"column":12},"end":{"line":70,"column":12},"skip":true}]},"8":{"line":70,"type":"binary-expr","locations":[{"start":{"line":70,"column":16},"end":{"line":70,"column":22},"skip":true},{"start":{"line":70,"column":27},"end":{"line":70,"column":32},"skip":true},{"start":{"line":71,"column":20},"end":{"line":71,"column":39},"skip":true},{"start":{"line":72,"column":20},"end":{"line":72,"column":49},"skip":true},{"start":{"line":73,"column":20},"end":{"line":73,"column":58},"skip":true},{"start":{"line":74,"column":20},"end":{"line":74,"column":69},"skip":true}]},"9":{"line":79,"type":"switch","locations":[{"start":{"line":80,"column":20},"end":{"line":80,"column":33},"skip":true},{"start":{"line":81,"column":20},"end":{"line":83,"column":30},"skip":true},{"start":{"line":84,"column":20},"end":{"line":85,"column":49},"skip":true}]},"10":{"line":89,"type":"switch","locations":[{"start":{"line":90,"column":12},"end":{"line":103,"column":22},"skip":true},{"start":{"line":105,"column":12},"end":{"line":106,"column":22},"skip":true}]},"11":{"line":89,"type":"binary-expr","locations":[{"start":{"line":89,"column":20},"end":{"line":89,"column":25},"skip":true},{"start":{"line":89,"column":29},"end":{"line":89,"column":48},"skip":true},{"start":{"line":89,"column":52},"end":{"line":89,"column":74},"skip":true}]},"12":{"line":92,"type":"if","locations":[{"start":{"line":92,"column":16},"end":{"line":92,"column":16},"skip":true},{"start":{"line":92,"column":16},"end":{"line":92,"column":16},"skip":true}]},"13":{"line":108,"type":"if","locations":[{"start":{"line":108,"column":12},"end":{"line":108,"column":12},"skip":true},{"start":{"line":108,"column":12},"end":{"line":108,"column":12},"skip":true}]},"14":{"line":108,"type":"binary-expr","locations":[{"start":{"line":108,"column":16},"end":{"line":108,"column":61},"skip":true},{"start":{"line":108,"column":66},"end":{"line":108,"column":72},"skip":true},{"start":{"line":108,"column":77},"end":{"line":108,"column":82},"skip":true},{"start":{"line":109,"column":20},"end":{"line":109,"column":39},"skip":true},{"start":{"line":110,"column":20},"end":{"line":110,"column":49},"skip":true},{"start":{"line":111,"column":20},"end":{"line":111,"column":58},"skip":true},{"start":{"line":112,"column":20},"end":{"line":112,"column":68},"skip":true}]},"15":{"line":129,"type":"if","locations":[{"start":{"line":129,"column":16},"end":{"line":129,"column":16},"skip":true},{"start":{"line":129,"column":16},"end":{"line":129,"column":16},"skip":true}]},"16":{"line":134,"type":"cond-expr","locations":[{"start":{"line":135,"column":26},"end":{"line":135,"column":29},"skip":true},{"start":{"line":136,"column":26},"end":{"line":136,"column":54},"skip":true}]},"17":{"line":164,"type":"binary-expr","locations":[{"start":{"line":164,"column":27},"end":{"line":164,"column":43},"skip":true},{"start":{"line":164,"column":47},"end":{"line":164,"column":49},"skip":true}]},"18":{"line":258,"type":"if","locations":[{"start":{"line":258,"column":8},"end":{"line":258,"column":8},"skip":true},{"start":{"line":258,"column":8},"end":{"line":258,"column":8},"skip":true}]},"19":{"line":275,"type":"switch","locations":[{"start":{"line":276,"column":20},"end":{"line":277,"column":64},"skip":true},{"start":{"line":278,"column":20},"end":{"line":279,"column":40},"skip":true},{"start":{"line":280,"column":20},"end":{"line":281,"column":40},"skip":true},{"start":{"line":282,"column":20},"end":{"line":283,"column":39},"skip":true}]},"20":{"line":288,"type":"if","locations":[{"start":{"line":288,"column":8},"end":{"line":288,"column":8},"skip":true},{"start":{"line":288,"column":8},"end":{"line":288,"column":8},"skip":true}]},"21":{"line":288,"type":"binary-expr","locations":[{"start":{"line":288,"column":12},"end":{"line":288,"column":40},"skip":true},{"start":{"line":288,"column":44},"end":{"line":288,"column":67},"skip":true}]},"22":{"line":292,"type":"binary-expr","locations":[{"start":{"line":292,"column":12},"end":{"line":292,"column":50},"skip":true},{"start":{"line":293,"column":12},"end":{"line":293,"column":53},"skip":true}]},"23":{"line":297,"type":"binary-expr","locations":[{"start":{"line":297,"column":12},"end":{"line":297,"column":70},"skip":true},{"start":{"line":298,"column":12},"end":{"line":301,"column":36},"skip":true}]},"24":{"line":303,"type":"binary-expr","locations":[{"start":{"line":303,"column":43},"end":{"line":303,"column":75},"skip":true},{"start":{"line":303,"column":79},"end":{"line":303,"column":81},"skip":true}]},"25":{"line":306,"type":"if","locations":[{"start":{"line":306,"column":8},"end":{"line":306,"column":8},"skip":true},{"start":{"line":306,"column":8},"end":{"line":306,"column":8},"skip":true}]},"26":{"line":310,"type":"if","locations":[{"start":{"line":310,"column":8},"end":{"line":310,"column":8},"skip":true},{"start":{"line":310,"column":8},"end":{"line":310,"column":8},"skip":true}]},"27":{"line":313,"type":"binary-expr","locations":[{"start":{"line":313,"column":27},"end":{"line":313,"column":43},"skip":true},{"start":{"line":313,"column":47},"end":{"line":313,"column":53},"skip":true}]},"28":{"line":317,"type":"if","locations":[{"start":{"line":317,"column":12},"end":{"line":317,"column":12},"skip":true},{"start":{"line":317,"column":12},"end":{"line":317,"column":12},"skip":true}]}},"code":["/*","example.js","","quickstart example","","instruction","    1. save this script as example.js","    2. run the shell command:","        $ npm install npmtest-whatwg-fetch && PORT=8081 node example.js","    3. play with the browser-demo on http://127.0.0.1:8081","*/","","","","/* istanbul instrument in package npmtest_whatwg_fetch */","/*jslint","    bitwise: true,","    browser: true,","    maxerr: 8,","    maxlen: 96,","    node: true,","    nomen: true,","    regexp: true,","    stupid: true","*/","(function () {","    'use strict';","    var local;","","","","    // run shared js-env code - init-before","    (function () {","        // init local","        local = {};","        // init modeJs","        local.modeJs = (function () {","            try {","                return typeof navigator.userAgent === 'string' &&","                    typeof document.querySelector('body') === 'object' &&","                    typeof XMLHttpRequest.prototype.open === 'function' &&","                    'browser';","            } catch (errorCaughtBrowser) {","                return module.exports &&","                    typeof process.versions.node === 'string' &&","                    typeof require('http').createServer === 'function' &&","                    'node';","            }","        }());","        // init global","        local.global = local.modeJs === 'browser'","            ? window","            : global;","        // init utility2_rollup","        local = local.global.utility2_rollup || (local.modeJs === 'browser'","            ? local.global.utility2_npmtest_whatwg_fetch","            : global.utility2_moduleExports);","        // export local","        local.global.local = local;","    }());","    switch (local.modeJs) {","","","","    // init-after","    // run browser js-env code - init-after","    /* istanbul ignore next */","    case 'browser':","        local.testRunBrowser = function (event) {","            if (!event || (event &&","                    event.currentTarget &&","                    event.currentTarget.className &&","                    event.currentTarget.className.includes &&","                    event.currentTarget.className.includes('onreset'))) {","                // reset output","                Array.from(","                    document.querySelectorAll('body > .resettable')","                ).forEach(function (element) {","                    switch (element.tagName) {","                    case 'INPUT':","                    case 'TEXTAREA':","                        element.value = '';","                        break;","                    default:","                        element.textContent = '';","                    }","                });","            }","            switch (event && event.currentTarget && event.currentTarget.id) {","            case 'testRunButton1':","                // show tests","                if (document.querySelector('#testReportDiv1').style.display === 'none') {","                    document.querySelector('#testReportDiv1').style.display = 'block';","                    document.querySelector('#testRunButton1').textContent =","                        'hide internal test';","                    local.modeTest = true;","                    local.testRunDefault(local);","                // hide tests","                } else {","                    document.querySelector('#testReportDiv1').style.display = 'none';","                    document.querySelector('#testRunButton1').textContent = 'run internal test';","                }","                break;","            // custom-case","            default:","                break;","            }","            if (document.querySelector('#inputTextareaEval1') && (!event || (event &&","                    event.currentTarget &&","                    event.currentTarget.className &&","                    event.currentTarget.className.includes &&","                    event.currentTarget.className.includes('oneval')))) {","                // try to eval input-code","                try {","                    /*jslint evil: true*/","                    eval(document.querySelector('#inputTextareaEval1').value);","                } catch (errorCaught) {","                    console.error(errorCaught);","                }","            }","        };","        // log stderr and stdout to #outputTextareaStdout1","        ['error', 'log'].forEach(function (key) {","            console[key + '_original'] = console[key];","            console[key] = function () {","                var element;","                console[key + '_original'].apply(console, arguments);","                element = document.querySelector('#outputTextareaStdout1');","                if (!element) {","                    return;","                }","                // append text to #outputTextareaStdout1","                element.value += Array.from(arguments).map(function (arg) {","                    return typeof arg === 'string'","                        ? arg","                        : JSON.stringify(arg, null, 4);","                }).join(' ') + '\\n';","                // scroll textarea to bottom","                element.scrollTop = element.scrollHeight;","            };","        });","        // init event-handling","        ['change', 'click', 'keyup'].forEach(function (event) {","            Array.from(document.querySelectorAll('.on' + event)).forEach(function (element) {","                element.addEventListener(event, local.testRunBrowser);","            });","        });","        // run tests","        local.testRunBrowser();","        break;","","","","    // run node js-env code - init-after","    /* istanbul ignore next */","    case 'node':","        // export local","        module.exports = local;","        // require modules","        local.fs = require('fs');","        local.http = require('http');","        local.url = require('url');","        // init assets","        local.assetsDict = local.assetsDict || {};","        /* jslint-ignore-begin */","        local.assetsDict['/assets.index.template.html'] = '\\","<!doctype html>\\n\\","<html lang=\"en\">\\n\\","<head>\\n\\","<meta charset=\"UTF-8\">\\n\\","<meta name=\"viewport\" content=\"width=device-width, initial-scale=1\">\\n\\","<title>{{env.npm_package_name}} (v{{env.npm_package_version}})</title>\\n\\","<style>\\n\\","/*csslint\\n\\","    box-sizing: false,\\n\\","    universal-selector: false\\n\\","*/\\n\\","* {\\n\\","    box-sizing: border-box;\\n\\","}\\n\\","body {\\n\\","    background: #dde;\\n\\","    font-family: Arial, Helvetica, sans-serif;\\n\\","    margin: 2rem;\\n\\","}\\n\\","body > * {\\n\\","    margin-bottom: 1rem;\\n\\","}\\n\\",".utility2FooterDiv {\\n\\","    margin-top: 20px;\\n\\","    text-align: center;\\n\\","}\\n\\","</style>\\n\\","<style>\\n\\","/*csslint\\n\\","*/\\n\\","textarea {\\n\\","    font-family: monospace;\\n\\","    height: 10rem;\\n\\","    width: 100%;\\n\\","}\\n\\","textarea[readonly] {\\n\\","    background: #ddd;\\n\\","}\\n\\","</style>\\n\\","</head>\\n\\","<body>\\n\\","<!-- utility2-comment\\n\\","<div id=\"ajaxProgressDiv1\" style=\"background: #d00; height: 2px; left: 0; margin: 0; padding: 0; position: fixed; top: 0; transition: background 0.5s, width 1.5s; width: 25%;\"></div>\\n\\","utility2-comment -->\\n\\","<h1>\\n\\","<!-- utility2-comment\\n\\","    <a\\n\\","        {{#if env.npm_package_homepage}}\\n\\","        href=\"{{env.npm_package_homepage}}\"\\n\\","        {{/if env.npm_package_homepage}}\\n\\","        target=\"_blank\"\\n\\","    >\\n\\","utility2-comment -->\\n\\","        {{env.npm_package_name}} (v{{env.npm_package_version}})\\n\\","<!-- utility2-comment\\n\\","    </a>\\n\\","utility2-comment -->\\n\\","</h1>\\n\\","<h3>{{env.npm_package_description}}</h3>\\n\\","<!-- utility2-comment\\n\\","<h4><a download href=\"assets.app.js\">download standalone app</a></h4>\\n\\","<button class=\"onclick onreset\" id=\"testRunButton1\">run internal test</button><br>\\n\\","<div id=\"testReportDiv1\" style=\"display: none;\"></div>\\n\\","utility2-comment -->\\n\\","\\n\\","\\n\\","\\n\\","<label>stderr and stdout</label>\\n\\","<textarea class=\"resettable\" id=\"outputTextareaStdout1\" readonly></textarea>\\n\\","<!-- utility2-comment\\n\\","{{#if isRollup}}\\n\\","<script src=\"assets.app.js\"></script>\\n\\","{{#unless isRollup}}\\n\\","utility2-comment -->\\n\\","<script src=\"assets.utility2.rollup.js\"></script>\\n\\","<script src=\"jsonp.utility2._stateInit?callback=window.utility2._stateInit\"></script>\\n\\","<script src=\"assets.npmtest_whatwg_fetch.rollup.js\"></script>\\n\\","<script src=\"assets.example.js\"></script>\\n\\","<script src=\"assets.test.js\"></script>\\n\\","<!-- utility2-comment\\n\\","{{/if isRollup}}\\n\\","utility2-comment -->\\n\\","<div class=\"utility2FooterDiv\">\\n\\","    [ this app was created with\\n\\","    <a href=\"https://github.com/kaizhu256/node-utility2\" target=\"_blank\">utility2</a>\\n\\","    ]\\n\\","</div>\\n\\","</body>\\n\\","</html>\\n\\","';","        /* jslint-ignore-end */","        if (local.templateRender) {","            local.assetsDict['/'] = local.templateRender(","                local.assetsDict['/assets.index.template.html'],","                {","                    env: local.objectSetDefault(local.env, {","                        npm_package_description: 'the greatest app in the world!',","                        npm_package_name: 'my-app',","                        npm_package_nameAlias: 'my_app',","                        npm_package_version: '0.0.1'","                    })","                }","            );","        } else {","            local.assetsDict['/'] = local.assetsDict['/assets.index.template.html']","                .replace((/\\{\\{env\\.(\\w+?)\\}\\}/g), function (match0, match1) {","                    // jslint-hack","                    String(match0);","                    switch (match1) {","                    case 'npm_package_description':","                        return 'the greatest app in the world!';","                    case 'npm_package_name':","                        return 'my-app';","                    case 'npm_package_nameAlias':","                        return 'my_app';","                    case 'npm_package_version':","                        return '0.0.1';","                    }","                });","        }","        // run the cli","        if (local.global.utility2_rollup || module !== require.main) {","            break;","        }","        local.assetsDict['/assets.example.js'] =","            local.assetsDict['/assets.example.js'] ||","            local.fs.readFileSync(__filename, 'utf8');","        // bug-workaround - long $npm_package_buildCustomOrg","        /* jslint-ignore-begin */","        local.assetsDict['/assets.npmtest_whatwg_fetch.rollup.js'] =","            local.assetsDict['/assets.npmtest_whatwg_fetch.rollup.js'] ||","            local.fs.readFileSync(","                local.npmtest_whatwg_fetch.__dirname + '/lib.npmtest_whatwg_fetch.js',","                'utf8'","            ).replace((/^#!/), '//');","        /* jslint-ignore-end */","        local.assetsDict['/favicon.ico'] = local.assetsDict['/favicon.ico'] || '';","        // if $npm_config_timeout_exit exists,","        // then exit this process after $npm_config_timeout_exit ms","        if (Number(process.env.npm_config_timeout_exit)) {","            setTimeout(process.exit, Number(process.env.npm_config_timeout_exit));","        }","        // start server","        if (local.global.utility2_serverHttp1) {","            break;","        }","        process.env.PORT = process.env.PORT || '8081';","        console.error('server starting on port ' + process.env.PORT);","        local.http.createServer(function (request, response) {","            request.urlParsed = local.url.parse(request.url);","            if (local.assetsDict[request.urlParsed.pathname] !== undefined) {","                response.end(local.assetsDict[request.urlParsed.pathname]);","                return;","            }","            response.statusCode = 404;","            response.end();","        }).listen(process.env.PORT);","        break;","    }","}());",""],"l":{"26":2,"28":2,"33":2,"35":2,"37":2,"38":2,"39":2,"44":1,"51":2,"55":2,"59":2,"61":2,"69":1,"70":2,"76":2,"79":2,"82":2,"83":2,"85":1,"89":2,"92":1,"93":1,"94":1,"96":1,"97":1,"100":1,"101":1,"103":1,"106":1,"108":2,"114":1,"116":1,"118":1,"123":1,"124":2,"125":2,"126":3,"127":3,"128":3,"129":3,"130":1,"133":3,"134":3,"139":3,"143":1,"144":3,"145":1,"149":1,"150":1,"158":1,"160":1,"161":1,"162":1,"164":1,"166":1,"258":1,"259":1,"271":1,"274":6,"275":6,"277":1,"279":2,"281":1,"283":2,"288":1,"289":1,"291":1,"296":1,"303":1,"306":1,"307":1,"310":1,"311":1,"313":1,"314":1,"315":1,"316":1,"317":1,"318":1,"319":1,"321":1,"322":1,"324":1}},"/home/travis/build/npmtest/node-npmtest-whatwg-fetch/node_modules/whatwg-fetch/fetch.js":{"path":"/home/travis/build/npmtest/node-npmtest-whatwg-fetch/node_modules/whatwg-fetch/fetch.js","s":{"1":1,"2":1,"3":0,"4":1,"5":0,"6":0,"7":0,"8":0,"9":1,"10":0,"11":0,"12":0,"13":0,"14":0,"15":1,"16":0,"17":0,"18":0,"19":0,"20":0,"21":1,"22":0,"23":0,"24":0,"25":1,"26":0,"27":0,"28":0,"29":0,"30":0,"31":0,"32":0,"33":1,"34":0,"35":0,"36":0,"37":0,"38":0,"39":0,"40":0,"41":0,"42":0,"43":0,"44":1,"45":0,"46":0,"47":0,"48":0,"49":1,"50":0,"51":1,"52":0,"53":0,"54":1,"55":0,"56":1,"57":0,"58":1,"59":0,"60":0,"61":0,"62":1,"63":0,"64":0,"65":0,"66":0,"67":1,"68":0,"69":0,"70":0,"71":0,"72":1,"73":0,"74":0,"75":0,"76":0,"77":1,"78":0,"79":1,"80":0,"81":0,"82":0,"83":1,"84":0,"85":0,"86":0,"87":0,"88":0,"89":1,"90":0,"91":0,"92":0,"93":0,"94":1,"95":0,"96":0,"97":0,"98":0,"99":1,"100":0,"101":0,"102":0,"103":0,"104":0,"105":1,"106":0,"107":0,"108":0,"109":0,"110":0,"111":1,"112":2,"113":2,"114":0,"115":0,"116":0,"117":0,"118":0,"119":0,"120":0,"121":0,"122":0,"123":0,"124":0,"125":0,"126":0,"127":0,"128":0,"129":0,"130":0,"131":0,"132":0,"133":0,"134":0,"135":0,"136":0,"137":0,"138":2,"139":0,"140":0,"141":0,"142":0,"143":0,"144":0,"145":0,"146":0,"147":0,"148":0,"149":0,"150":0,"151":0,"152":0,"153":0,"154":2,"155":0,"156":0,"157":0,"158":0,"159":0,"160":0,"161":0,"162":0,"163":0,"164":0,"165":2,"166":0,"167":0,"168":2,"169":0,"170":2,"171":1,"172":1,"173":0,"174":0,"175":1,"176":0,"177":0,"178":0,"179":0,"180":0,"181":0,"182":0,"183":0,"184":0,"185":0,"186":0,"187":0,"188":0,"189":0,"190":0,"191":0,"192":0,"193":0,"194":0,"195":0,"196":0,"197":0,"198":0,"199":0,"200":1,"201":0,"202":1,"203":0,"204":0,"205":0,"206":0,"207":0,"208":0,"209":0,"210":0,"211":1,"212":0,"213":0,"214":0,"215":0,"216":0,"217":0,"218":0,"219":0,"220":1,"221":1,"222":0,"223":0,"224":0,"225":0,"226":0,"227":0,"228":0,"229":0,"230":0,"231":1,"232":1,"233":0,"234":1,"235":0,"236":0,"237":0,"238":1,"239":1,"240":0,"241":0,"242":0,"243":1,"244":1,"245":1,"246":1,"247":0,"248":0,"249":0,"250":0,"251":0,"252":0,"253":0,"254":0,"255":0,"256":0,"257":0,"258":0,"259":0,"260":0,"261":0,"262":0,"263":0,"264":0,"265":0,"266":0,"267":1},"b":{"1":[0,1],"2":[1,0],"3":[1,0,0],"4":[0,1],"5":[0,0],"6":[0,0],"7":[0,0],"8":[0,0],"9":[0,0],"10":[0,0],"11":[0,0],"12":[0,0],"13":[0,0],"14":[0,0],"15":[0,0],"16":[0,0],"17":[0,0],"18":[0,1],"19":[0,0],"20":[0,0],"21":[0,0],"22":[0,0],"23":[0,0],"24":[0,0],"25":[0,0],"26":[0,0],"27":[0,0],"28":[0,0],"29":[0,0],"30":[0,0,0],"31":[0,0],"32":[0,0,0],"33":[0,0],"34":[0,0],"35":[0,0],"36":[0,0],"37":[0,0],"38":[0,0],"39":[0,2],"40":[0,0],"41":[0,0],"42":[0,0],"43":[0,0],"44":[0,0],"45":[0,0],"46":[0,0],"47":[0,0],"48":[0,0],"49":[0,0],"50":[0,2],"51":[0,0],"52":[0,0],"53":[0,0],"54":[0,0],"55":[0,0],"56":[0,0],"57":[0,0],"58":[0,0,0],"59":[0,0],"60":[0,0],"61":[0,0,0],"62":[0,0,0],"63":[0,0],"64":[0,0,0],"65":[0,0],"66":[0,0],"67":[0,0],"68":[0,0],"69":[0,0],"70":[0,0],"71":[0,0],"72":[0,0],"73":[0,0],"74":[0,0],"75":[0,0],"76":[0,0],"77":[0,0],"78":[0,0],"79":[0,0],"80":[0,1]},"f":{"1":1,"2":0,"3":0,"4":0,"5":0,"6":0,"7":0,"8":0,"9":0,"10":0,"11":0,"12":0,"13":0,"14":0,"15":0,"16":0,"17":0,"18":0,"19":0,"20":0,"21":0,"22":0,"23":0,"24":0,"25":0,"26":0,"27":0,"28":0,"29":0,"30":0,"31":0,"32":0,"33":0,"34":0,"35":2,"36":0,"37":0,"38":0,"39":0,"40":0,"41":0,"42":0,"43":0,"44":0,"45":0,"46":0,"47":0,"48":0,"49":0,"50":0,"51":0,"52":0,"53":0,"54":0,"55":0,"56":0,"57":0,"58":0},"fnMap":{"1":{"name":"(anonymous_1)","line":1,"loc":{"start":{"line":1,"column":1},"end":{"line":1,"column":16}}},"2":{"name":"(anonymous_2)","line":11,"loc":{"start":{"line":11,"column":53},"end":{"line":11,"column":64}}},"3":{"name":"(anonymous_3)","line":36,"loc":{"start":{"line":36,"column":21},"end":{"line":36,"column":35}}},"4":{"name":"(anonymous_4)","line":40,"loc":{"start":{"line":40,"column":50},"end":{"line":40,"column":64}}},"5":{"name":"normalizeName","line":45,"loc":{"start":{"line":45,"column":2},"end":{"line":45,"column":31}}},"6":{"name":"normalizeValue","line":55,"loc":{"start":{"line":55,"column":2},"end":{"line":55,"column":33}}},"7":{"name":"iteratorFor","line":63,"loc":{"start":{"line":63,"column":2},"end":{"line":63,"column":30}}},"8":{"name":"(anonymous_8)","line":65,"loc":{"start":{"line":65,"column":12},"end":{"line":65,"column":23}}},"9":{"name":"(anonymous_9)","line":72,"loc":{"start":{"line":72,"column":34},"end":{"line":72,"column":45}}},"10":{"name":"Headers","line":80,"loc":{"start":{"line":80,"column":2},"end":{"line":80,"column":28}}},"11":{"name":"(anonymous_11)","line":84,"loc":{"start":{"line":84,"column":22},"end":{"line":84,"column":44}}},"12":{"name":"(anonymous_12)","line":88,"loc":{"start":{"line":88,"column":22},"end":{"line":88,"column":39}}},"13":{"name":"(anonymous_13)","line":92,"loc":{"start":{"line":92,"column":50},"end":{"line":92,"column":65}}},"14":{"name":"(anonymous_14)","line":98,"loc":{"start":{"line":98,"column":29},"end":{"line":98,"column":51}}},"15":{"name":"(anonymous_15)","line":105,"loc":{"start":{"line":105,"column":32},"end":{"line":105,"column":47}}},"16":{"name":"(anonymous_16)","line":109,"loc":{"start":{"line":109,"column":26},"end":{"line":109,"column":41}}},"17":{"name":"(anonymous_17)","line":114,"loc":{"start":{"line":114,"column":26},"end":{"line":114,"column":41}}},"18":{"name":"(anonymous_18)","line":118,"loc":{"start":{"line":118,"column":26},"end":{"line":118,"column":48}}},"19":{"name":"(anonymous_19)","line":122,"loc":{"start":{"line":122,"column":30},"end":{"line":122,"column":58}}},"20":{"name":"(anonymous_20)","line":130,"loc":{"start":{"line":130,"column":27},"end":{"line":130,"column":38}}},"21":{"name":"(anonymous_21)","line":132,"loc":{"start":{"line":132,"column":17},"end":{"line":132,"column":39}}},"22":{"name":"(anonymous_22)","line":136,"loc":{"start":{"line":136,"column":29},"end":{"line":136,"column":40}}},"23":{"name":"(anonymous_23)","line":138,"loc":{"start":{"line":138,"column":17},"end":{"line":138,"column":33}}},"24":{"name":"(anonymous_24)","line":142,"loc":{"start":{"line":142,"column":30},"end":{"line":142,"column":41}}},"25":{"name":"(anonymous_25)","line":144,"loc":{"start":{"line":144,"column":17},"end":{"line":144,"column":39}}},"26":{"name":"consumed","line":152,"loc":{"start":{"line":152,"column":2},"end":{"line":152,"column":26}}},"27":{"name":"fileReaderReady","line":159,"loc":{"start":{"line":159,"column":2},"end":{"line":159,"column":35}}},"28":{"name":"(anonymous_28)","line":160,"loc":{"start":{"line":160,"column":23},"end":{"line":160,"column":49}}},"29":{"name":"(anonymous_29)","line":161,"loc":{"start":{"line":161,"column":22},"end":{"line":161,"column":33}}},"30":{"name":"(anonymous_30)","line":164,"loc":{"start":{"line":164,"column":23},"end":{"line":164,"column":34}}},"31":{"name":"readBlobAsArrayBuffer","line":170,"loc":{"start":{"line":170,"column":2},"end":{"line":170,"column":39}}},"32":{"name":"readBlobAsText","line":177,"loc":{"start":{"line":177,"column":2},"end":{"line":177,"column":32}}},"33":{"name":"readArrayBufferAsText","line":184,"loc":{"start":{"line":184,"column":2},"end":{"line":184,"column":38}}},"34":{"name":"bufferClone","line":194,"loc":{"start":{"line":194,"column":2},"end":{"line":194,"column":28}}},"35":{"name":"Body","line":204,"loc":{"start":{"line":204,"column":2},"end":{"line":204,"column":18}}},"36":{"name":"(anonymous_36)","line":207,"loc":{"start":{"line":207,"column":21},"end":{"line":207,"column":36}}},"37":{"name":"(anonymous_37)","line":241,"loc":{"start":{"line":241,"column":18},"end":{"line":241,"column":29}}},"38":{"name":"(anonymous_38)","line":258,"loc":{"start":{"line":258,"column":25},"end":{"line":258,"column":36}}},"39":{"name":"(anonymous_39)","line":267,"loc":{"start":{"line":267,"column":16},"end":{"line":267,"column":27}}},"40":{"name":"(anonymous_40)","line":285,"loc":{"start":{"line":285,"column":22},"end":{"line":285,"column":33}}},"41":{"name":"(anonymous_41)","line":290,"loc":{"start":{"line":290,"column":16},"end":{"line":290,"column":27}}},"42":{"name":"normalizeMethod","line":300,"loc":{"start":{"line":300,"column":2},"end":{"line":300,"column":35}}},"43":{"name":"Request","line":305,"loc":{"start":{"line":305,"column":2},"end":{"line":305,"column":35}}},"44":{"name":"(anonymous_44)","line":342,"loc":{"start":{"line":342,"column":28},"end":{"line":342,"column":39}}},"45":{"name":"decode","line":346,"loc":{"start":{"line":346,"column":2},"end":{"line":346,"column":24}}},"46":{"name":"(anonymous_46)","line":348,"loc":{"start":{"line":348,"column":35},"end":{"line":348,"column":51}}},"47":{"name":"parseHeaders","line":359,"loc":{"start":{"line":359,"column":2},"end":{"line":359,"column":36}}},"48":{"name":"(anonymous_48)","line":361,"loc":{"start":{"line":361,"column":38},"end":{"line":361,"column":53}}},"49":{"name":"Response","line":374,"loc":{"start":{"line":374,"column":2},"end":{"line":374,"column":39}}},"50":{"name":"(anonymous_50)","line":390,"loc":{"start":{"line":390,"column":29},"end":{"line":390,"column":40}}},"51":{"name":"(anonymous_51)","line":399,"loc":{"start":{"line":399,"column":19},"end":{"line":399,"column":30}}},"52":{"name":"(anonymous_52)","line":407,"loc":{"start":{"line":407,"column":22},"end":{"line":407,"column":44}}},"53":{"name":"(anonymous_53)","line":419,"loc":{"start":{"line":419,"column":15},"end":{"line":419,"column":37}}},"54":{"name":"(anonymous_54)","line":420,"loc":{"start":{"line":420,"column":23},"end":{"line":420,"column":49}}},"55":{"name":"(anonymous_55)","line":424,"loc":{"start":{"line":424,"column":19},"end":{"line":424,"column":30}}},"56":{"name":"(anonymous_56)","line":435,"loc":{"start":{"line":435,"column":20},"end":{"line":435,"column":31}}},"57":{"name":"(anonymous_57)","line":439,"loc":{"start":{"line":439,"column":22},"end":{"line":439,"column":33}}},"58":{"name":"(anonymous_58)","line":453,"loc":{"start":{"line":453,"column":30},"end":{"line":453,"column":52}}}},"statementMap":{"1":{"start":{"line":1,"column":0},"end":{"line":461,"column":46}},"2":{"start":{"line":4,"column":2},"end":{"line":6,"column":3}},"3":{"start":{"line":5,"column":4},"end":{"line":5,"column":10}},"4":{"start":{"line":8,"column":2},"end":{"line":21,"column":3}},"5":{"start":{"line":12,"column":6},"end":{"line":17,"column":7}},"6":{"start":{"line":13,"column":8},"end":{"line":13,"column":18}},"7":{"start":{"line":14,"column":8},"end":{"line":14,"column":19}},"8":{"start":{"line":16,"column":8},"end":{"line":16,"column":20}},"9":{"start":{"line":23,"column":2},"end":{"line":43,"column":3}},"10":{"start":{"line":24,"column":4},"end":{"line":34,"column":5}},"11":{"start":{"line":36,"column":4},"end":{"line":38,"column":5}},"12":{"start":{"line":37,"column":6},"end":{"line":37,"column":57}},"13":{"start":{"line":40,"column":4},"end":{"line":42,"column":5}},"14":{"start":{"line":41,"column":6},"end":{"line":41,"column":81}},"15":{"start":{"line":45,"column":2},"end":{"line":53,"column":3}},"16":{"start":{"line":46,"column":4},"end":{"line":48,"column":5}},"17":{"start":{"line":47,"column":6},"end":{"line":47,"column":25}},"18":{"start":{"line":49,"column":4},"end":{"line":51,"column":5}},"19":{"start":{"line":50,"column":6},"end":{"line":50,"column":67}},"20":{"start":{"line":52,"column":4},"end":{"line":52,"column":29}},"21":{"start":{"line":55,"column":2},"end":{"line":60,"column":3}},"22":{"start":{"line":56,"column":4},"end":{"line":58,"column":5}},"23":{"start":{"line":57,"column":6},"end":{"line":57,"column":27}},"24":{"start":{"line":59,"column":4},"end":{"line":59,"column":16}},"25":{"start":{"line":63,"column":2},"end":{"line":78,"column":3}},"26":{"start":{"line":64,"column":4},"end":{"line":69,"column":5}},"27":{"start":{"line":66,"column":8},"end":{"line":66,"column":33}},"28":{"start":{"line":67,"column":8},"end":{"line":67,"column":56}},"29":{"start":{"line":71,"column":4},"end":{"line":75,"column":5}},"30":{"start":{"line":72,"column":6},"end":{"line":74,"column":7}},"31":{"start":{"line":73,"column":8},"end":{"line":73,"column":23}},"32":{"start":{"line":77,"column":4},"end":{"line":77,"column":19}},"33":{"start":{"line":80,"column":2},"end":{"line":96,"column":3}},"34":{"start":{"line":81,"column":4},"end":{"line":81,"column":17}},"35":{"start":{"line":83,"column":4},"end":{"line":95,"column":5}},"36":{"start":{"line":84,"column":6},"end":{"line":86,"column":14}},"37":{"start":{"line":85,"column":8},"end":{"line":85,"column":32}},"38":{"start":{"line":87,"column":11},"end":{"line":95,"column":5}},"39":{"start":{"line":88,"column":6},"end":{"line":90,"column":14}},"40":{"start":{"line":89,"column":8},"end":{"line":89,"column":41}},"41":{"start":{"line":91,"column":11},"end":{"line":95,"column":5}},"42":{"start":{"line":92,"column":6},"end":{"line":94,"column":14}},"43":{"start":{"line":93,"column":8},"end":{"line":93,"column":40}},"44":{"start":{"line":98,"column":2},"end":{"line":103,"column":3}},"45":{"start":{"line":99,"column":4},"end":{"line":99,"column":30}},"46":{"start":{"line":100,"column":4},"end":{"line":100,"column":33}},"47":{"start":{"line":101,"column":4},"end":{"line":101,"column":33}},"48":{"start":{"line":102,"column":4},"end":{"line":102,"column":58}},"49":{"start":{"line":105,"column":2},"end":{"line":107,"column":3}},"50":{"start":{"line":106,"column":4},"end":{"line":106,"column":40}},"51":{"start":{"line":109,"column":2},"end":{"line":112,"column":3}},"52":{"start":{"line":110,"column":4},"end":{"line":110,"column":30}},"53":{"start":{"line":111,"column":4},"end":{"line":111,"column":49}},"54":{"start":{"line":114,"column":2},"end":{"line":116,"column":3}},"55":{"start":{"line":115,"column":4},"end":{"line":115,"column":55}},"56":{"start":{"line":118,"column":2},"end":{"line":120,"column":3}},"57":{"start":{"line":119,"column":4},"end":{"line":119,"column":57}},"58":{"start":{"line":122,"column":2},"end":{"line":128,"column":3}},"59":{"start":{"line":123,"column":4},"end":{"line":127,"column":5}},"60":{"start":{"line":124,"column":6},"end":{"line":126,"column":7}},"61":{"start":{"line":125,"column":8},"end":{"line":125,"column":58}},"62":{"start":{"line":130,"column":2},"end":{"line":134,"column":3}},"63":{"start":{"line":131,"column":4},"end":{"line":131,"column":18}},"64":{"start":{"line":132,"column":4},"end":{"line":132,"column":60}},"65":{"start":{"line":132,"column":41},"end":{"line":132,"column":58}},"66":{"start":{"line":133,"column":4},"end":{"line":133,"column":29}},"67":{"start":{"line":136,"column":2},"end":{"line":140,"column":3}},"68":{"start":{"line":137,"column":4},"end":{"line":137,"column":18}},"69":{"start":{"line":138,"column":4},"end":{"line":138,"column":55}},"70":{"start":{"line":138,"column":35},"end":{"line":138,"column":53}},"71":{"start":{"line":139,"column":4},"end":{"line":139,"column":29}},"72":{"start":{"line":142,"column":2},"end":{"line":146,"column":3}},"73":{"start":{"line":143,"column":4},"end":{"line":143,"column":18}},"74":{"start":{"line":144,"column":4},"end":{"line":144,"column":69}},"75":{"start":{"line":144,"column":41},"end":{"line":144,"column":67}},"76":{"start":{"line":145,"column":4},"end":{"line":145,"column":29}},"77":{"start":{"line":148,"column":2},"end":{"line":150,"column":3}},"78":{"start":{"line":149,"column":4},"end":{"line":149,"column":66}},"79":{"start":{"line":152,"column":2},"end":{"line":157,"column":3}},"80":{"start":{"line":153,"column":4},"end":{"line":155,"column":5}},"81":{"start":{"line":154,"column":6},"end":{"line":154,"column":58}},"82":{"start":{"line":156,"column":4},"end":{"line":156,"column":24}},"83":{"start":{"line":159,"column":2},"end":{"line":168,"column":3}},"84":{"start":{"line":160,"column":4},"end":{"line":167,"column":6}},"85":{"start":{"line":161,"column":6},"end":{"line":163,"column":7}},"86":{"start":{"line":162,"column":8},"end":{"line":162,"column":30}},"87":{"start":{"line":164,"column":6},"end":{"line":166,"column":7}},"88":{"start":{"line":165,"column":8},"end":{"line":165,"column":28}},"89":{"start":{"line":170,"column":2},"end":{"line":175,"column":3}},"90":{"start":{"line":171,"column":4},"end":{"line":171,"column":33}},"91":{"start":{"line":172,"column":4},"end":{"line":172,"column":41}},"92":{"start":{"line":173,"column":4},"end":{"line":173,"column":34}},"93":{"start":{"line":174,"column":4},"end":{"line":174,"column":18}},"94":{"start":{"line":177,"column":2},"end":{"line":182,"column":3}},"95":{"start":{"line":178,"column":4},"end":{"line":178,"column":33}},"96":{"start":{"line":179,"column":4},"end":{"line":179,"column":41}},"97":{"start":{"line":180,"column":4},"end":{"line":180,"column":27}},"98":{"start":{"line":181,"column":4},"end":{"line":181,"column":18}},"99":{"start":{"line":184,"column":2},"end":{"line":192,"column":3}},"100":{"start":{"line":185,"column":4},"end":{"line":185,"column":34}},"101":{"start":{"line":186,"column":4},"end":{"line":186,"column":38}},"102":{"start":{"line":188,"column":4},"end":{"line":190,"column":5}},"103":{"start":{"line":189,"column":6},"end":{"line":189,"column":45}},"104":{"start":{"line":191,"column":4},"end":{"line":191,"column":25}},"105":{"start":{"line":194,"column":2},"end":{"line":202,"column":3}},"106":{"start":{"line":195,"column":4},"end":{"line":201,"column":5}},"107":{"start":{"line":196,"column":6},"end":{"line":196,"column":25}},"108":{"start":{"line":198,"column":6},"end":{"line":198,"column":47}},"109":{"start":{"line":199,"column":6},"end":{"line":199,"column":35}},"110":{"start":{"line":200,"column":6},"end":{"line":200,"column":24}},"111":{"start":{"line":204,"column":2},"end":{"line":295,"column":3}},"112":{"start":{"line":205,"column":4},"end":{"line":205,"column":25}},"113":{"start":{"line":207,"column":4},"end":{"line":238,"column":5}},"114":{"start":{"line":208,"column":6},"end":{"line":208,"column":27}},"115":{"start":{"line":209,"column":6},"end":{"line":227,"column":7}},"116":{"start":{"line":210,"column":8},"end":{"line":210,"column":27}},"117":{"start":{"line":211,"column":13},"end":{"line":227,"column":7}},"118":{"start":{"line":212,"column":8},"end":{"line":212,"column":29}},"119":{"start":{"line":213,"column":13},"end":{"line":227,"column":7}},"120":{"start":{"line":214,"column":8},"end":{"line":214,"column":29}},"121":{"start":{"line":215,"column":13},"end":{"line":227,"column":7}},"122":{"start":{"line":216,"column":8},"end":{"line":216,"column":33}},"123":{"start":{"line":217,"column":13},"end":{"line":227,"column":7}},"124":{"start":{"line":218,"column":8},"end":{"line":218,"column":40}},"125":{"start":{"line":219,"column":13},"end":{"line":227,"column":7}},"126":{"start":{"line":220,"column":8},"end":{"line":220,"column":56}},"127":{"start":{"line":222,"column":8},"end":{"line":222,"column":58}},"128":{"start":{"line":223,"column":13},"end":{"line":227,"column":7}},"129":{"start":{"line":224,"column":8},"end":{"line":224,"column":49}},"130":{"start":{"line":226,"column":8},"end":{"line":226,"column":52}},"131":{"start":{"line":229,"column":6},"end":{"line":237,"column":7}},"132":{"start":{"line":230,"column":8},"end":{"line":236,"column":9}},"133":{"start":{"line":231,"column":10},"end":{"line":231,"column":70}},"134":{"start":{"line":232,"column":15},"end":{"line":236,"column":9}},"135":{"start":{"line":233,"column":10},"end":{"line":233,"column":63}},"136":{"start":{"line":234,"column":15},"end":{"line":236,"column":9}},"137":{"start":{"line":235,"column":10},"end":{"line":235,"column":93}},"138":{"start":{"line":240,"column":4},"end":{"line":265,"column":5}},"139":{"start":{"line":241,"column":6},"end":{"line":256,"column":7}},"140":{"start":{"line":242,"column":8},"end":{"line":242,"column":37}},"141":{"start":{"line":243,"column":8},"end":{"line":245,"column":9}},"142":{"start":{"line":244,"column":10},"end":{"line":244,"column":25}},"143":{"start":{"line":247,"column":8},"end":{"line":255,"column":9}},"144":{"start":{"line":248,"column":10},"end":{"line":248,"column":48}},"145":{"start":{"line":249,"column":15},"end":{"line":255,"column":9}},"146":{"start":{"line":250,"column":10},"end":{"line":250,"column":67}},"147":{"start":{"line":251,"column":15},"end":{"line":255,"column":9}},"148":{"start":{"line":252,"column":10},"end":{"line":252,"column":65}},"149":{"start":{"line":254,"column":10},"end":{"line":254,"column":60}},"150":{"start":{"line":258,"column":6},"end":{"line":264,"column":7}},"151":{"start":{"line":259,"column":8},"end":{"line":263,"column":9}},"152":{"start":{"line":260,"column":10},"end":{"line":260,"column":73}},"153":{"start":{"line":262,"column":10},"end":{"line":262,"column":56}},"154":{"start":{"line":267,"column":4},"end":{"line":282,"column":5}},"155":{"start":{"line":268,"column":6},"end":{"line":268,"column":35}},"156":{"start":{"line":269,"column":6},"end":{"line":271,"column":7}},"157":{"start":{"line":270,"column":8},"end":{"line":270,"column":23}},"158":{"start":{"line":273,"column":6},"end":{"line":281,"column":7}},"159":{"start":{"line":274,"column":8},"end":{"line":274,"column":45}},"160":{"start":{"line":275,"column":13},"end":{"line":281,"column":7}},"161":{"start":{"line":276,"column":8},"end":{"line":276,"column":76}},"162":{"start":{"line":277,"column":13},"end":{"line":281,"column":7}},"163":{"start":{"line":278,"column":8},"end":{"line":278,"column":63}},"164":{"start":{"line":280,"column":8},"end":{"line":280,"column":46}},"165":{"start":{"line":284,"column":4},"end":{"line":288,"column":5}},"166":{"start":{"line":285,"column":6},"end":{"line":287,"column":7}},"167":{"start":{"line":286,"column":8},"end":{"line":286,"column":39}},"168":{"start":{"line":290,"column":4},"end":{"line":292,"column":5}},"169":{"start":{"line":291,"column":6},"end":{"line":291,"column":41}},"170":{"start":{"line":294,"column":4},"end":{"line":294,"column":15}},"171":{"start":{"line":298,"column":2},"end":{"line":298,"column":67}},"172":{"start":{"line":300,"column":2},"end":{"line":303,"column":3}},"173":{"start":{"line":301,"column":4},"end":{"line":301,"column":38}},"174":{"start":{"line":302,"column":4},"end":{"line":302,"column":61}},"175":{"start":{"line":305,"column":2},"end":{"line":340,"column":3}},"176":{"start":{"line":306,"column":4},"end":{"line":306,"column":27}},"177":{"start":{"line":307,"column":4},"end":{"line":307,"column":27}},"178":{"start":{"line":309,"column":4},"end":{"line":326,"column":5}},"179":{"start":{"line":310,"column":6},"end":{"line":312,"column":7}},"180":{"start":{"line":311,"column":8},"end":{"line":311,"column":43}},"181":{"start":{"line":313,"column":6},"end":{"line":313,"column":26}},"182":{"start":{"line":314,"column":6},"end":{"line":314,"column":42}},"183":{"start":{"line":315,"column":6},"end":{"line":317,"column":7}},"184":{"start":{"line":316,"column":8},"end":{"line":316,"column":49}},"185":{"start":{"line":318,"column":6},"end":{"line":318,"column":32}},"186":{"start":{"line":319,"column":6},"end":{"line":319,"column":28}},"187":{"start":{"line":320,"column":6},"end":{"line":323,"column":7}},"188":{"start":{"line":321,"column":8},"end":{"line":321,"column":30}},"189":{"start":{"line":322,"column":8},"end":{"line":322,"column":29}},"190":{"start":{"line":325,"column":6},"end":{"line":325,"column":30}},"191":{"start":{"line":328,"column":4},"end":{"line":328,"column":72}},"192":{"start":{"line":329,"column":4},"end":{"line":331,"column":5}},"193":{"start":{"line":330,"column":6},"end":{"line":330,"column":49}},"194":{"start":{"line":332,"column":4},"end":{"line":332,"column":73}},"195":{"start":{"line":333,"column":4},"end":{"line":333,"column":49}},"196":{"start":{"line":334,"column":4},"end":{"line":334,"column":24}},"197":{"start":{"line":336,"column":4},"end":{"line":338,"column":5}},"198":{"start":{"line":337,"column":6},"end":{"line":337,"column":70}},"199":{"start":{"line":339,"column":4},"end":{"line":339,"column":24}},"200":{"start":{"line":342,"column":2},"end":{"line":344,"column":3}},"201":{"start":{"line":343,"column":4},"end":{"line":343,"column":54}},"202":{"start":{"line":346,"column":2},"end":{"line":357,"column":3}},"203":{"start":{"line":347,"column":4},"end":{"line":347,"column":29}},"204":{"start":{"line":348,"column":4},"end":{"line":355,"column":6}},"205":{"start":{"line":349,"column":6},"end":{"line":354,"column":7}},"206":{"start":{"line":350,"column":8},"end":{"line":350,"column":36}},"207":{"start":{"line":351,"column":8},"end":{"line":351,"column":52}},"208":{"start":{"line":352,"column":8},"end":{"line":352,"column":55}},"209":{"start":{"line":353,"column":8},"end":{"line":353,"column":72}},"210":{"start":{"line":356,"column":4},"end":{"line":356,"column":15}},"211":{"start":{"line":359,"column":2},"end":{"line":370,"column":3}},"212":{"start":{"line":360,"column":4},"end":{"line":360,"column":31}},"213":{"start":{"line":361,"column":4},"end":{"line":368,"column":6}},"214":{"start":{"line":362,"column":6},"end":{"line":362,"column":33}},"215":{"start":{"line":363,"column":6},"end":{"line":363,"column":36}},"216":{"start":{"line":364,"column":6},"end":{"line":367,"column":7}},"217":{"start":{"line":365,"column":8},"end":{"line":365,"column":42}},"218":{"start":{"line":366,"column":8},"end":{"line":366,"column":34}},"219":{"start":{"line":369,"column":4},"end":{"line":369,"column":18}},"220":{"start":{"line":372,"column":2},"end":{"line":372,"column":30}},"221":{"start":{"line":374,"column":2},"end":{"line":386,"column":3}},"222":{"start":{"line":375,"column":4},"end":{"line":377,"column":5}},"223":{"start":{"line":376,"column":6},"end":{"line":376,"column":18}},"224":{"start":{"line":379,"column":4},"end":{"line":379,"column":25}},"225":{"start":{"line":380,"column":4},"end":{"line":380,"column":60}},"226":{"start":{"line":381,"column":4},"end":{"line":381,"column":53}},"227":{"start":{"line":382,"column":4},"end":{"line":382,"column":73}},"228":{"start":{"line":383,"column":4},"end":{"line":383,"column":47}},"229":{"start":{"line":384,"column":4},"end":{"line":384,"column":32}},"230":{"start":{"line":385,"column":4},"end":{"line":385,"column":28}},"231":{"start":{"line":388,"column":2},"end":{"line":388,"column":31}},"232":{"start":{"line":390,"column":2},"end":{"line":397,"column":3}},"233":{"start":{"line":391,"column":4},"end":{"line":396,"column":6}},"234":{"start":{"line":399,"column":2},"end":{"line":403,"column":3}},"235":{"start":{"line":400,"column":4},"end":{"line":400,"column":66}},"236":{"start":{"line":401,"column":4},"end":{"line":401,"column":27}},"237":{"start":{"line":402,"column":4},"end":{"line":402,"column":19}},"238":{"start":{"line":405,"column":2},"end":{"line":405,"column":50}},"239":{"start":{"line":407,"column":2},"end":{"line":413,"column":3}},"240":{"start":{"line":408,"column":4},"end":{"line":410,"column":5}},"241":{"start":{"line":409,"column":6},"end":{"line":409,"column":49}},"242":{"start":{"line":412,"column":4},"end":{"line":412,"column":73}},"243":{"start":{"line":415,"column":2},"end":{"line":415,"column":24}},"244":{"start":{"line":416,"column":2},"end":{"line":416,"column":24}},"245":{"start":{"line":417,"column":2},"end":{"line":417,"column":26}},"246":{"start":{"line":419,"column":2},"end":{"line":459,"column":3}},"247":{"start":{"line":420,"column":4},"end":{"line":458,"column":6}},"248":{"start":{"line":421,"column":6},"end":{"line":421,"column":44}},"249":{"start":{"line":422,"column":6},"end":{"line":422,"column":36}},"250":{"start":{"line":424,"column":6},"end":{"line":433,"column":7}},"251":{"start":{"line":425,"column":8},"end":{"line":429,"column":9}},"252":{"start":{"line":430,"column":8},"end":{"line":430,"column":99}},"253":{"start":{"line":431,"column":8},"end":{"line":431,"column":70}},"254":{"start":{"line":432,"column":8},"end":{"line":432,"column":44}},"255":{"start":{"line":435,"column":6},"end":{"line":437,"column":7}},"256":{"start":{"line":436,"column":8},"end":{"line":436,"column":55}},"257":{"start":{"line":439,"column":6},"end":{"line":441,"column":7}},"258":{"start":{"line":440,"column":8},"end":{"line":440,"column":55}},"259":{"start":{"line":443,"column":6},"end":{"line":443,"column":49}},"260":{"start":{"line":445,"column":6},"end":{"line":447,"column":7}},"261":{"start":{"line":446,"column":8},"end":{"line":446,"column":34}},"262":{"start":{"line":449,"column":6},"end":{"line":451,"column":7}},"263":{"start":{"line":450,"column":8},"end":{"line":450,"column":33}},"264":{"start":{"line":453,"column":6},"end":{"line":455,"column":8}},"265":{"start":{"line":454,"column":8},"end":{"line":454,"column":41}},"266":{"start":{"line":457,"column":6},"end":{"line":457,"column":83}},"267":{"start":{"line":460,"column":2},"end":{"line":460,"column":28}}},"branchMap":{"1":{"line":4,"type":"if","locations":[{"start":{"line":4,"column":2},"end":{"line":4,"column":2}},{"start":{"line":4,"column":2},"end":{"line":4,"column":2}}]},"2":{"line":10,"type":"binary-expr","locations":[{"start":{"line":10,"column":14},"end":{"line":10,"column":30}},{"start":{"line":10,"column":34},"end":{"line":10,"column":54}}]},"3":{"line":11,"type":"binary-expr","locations":[{"start":{"line":11,"column":10},"end":{"line":11,"column":30}},{"start":{"line":11,"column":34},"end":{"line":11,"column":48}},{"start":{"line":11,"column":52},"end":{"line":18,"column":8}}]},"4":{"line":23,"type":"if","locations":[{"start":{"line":23,"column":2},"end":{"line":23,"column":2}},{"start":{"line":23,"column":2},"end":{"line":23,"column":2}}]},"5":{"line":37,"type":"binary-expr","locations":[{"start":{"line":37,"column":13},"end":{"line":37,"column":16}},{"start":{"line":37,"column":20},"end":{"line":37,"column":57}}]},"6":{"line":40,"type":"binary-expr","locations":[{"start":{"line":40,"column":28},"end":{"line":40,"column":46}},{"start":{"line":40,"column":50},"end":{"line":42,"column":5}}]},"7":{"line":41,"type":"binary-expr","locations":[{"sta
[...]
"line":328,"column":42}},{"start":{"line":328,"column":46},"end":{"line":328,"column":62}},{"start":{"line":328,"column":66},"end":{"line":328,"column":72}}]},"59":{"line":329,"type":"if","locations":[{"start":{"line":329,"column":4},"end":{"line":329,"column":4}},{"start":{"line":329,"column":4},"end":{"line":329,"column":4}}]},"60":{"line":329,"type":"binary-expr","locations":[{"start":{"line":329,"column":8},"end":{"line":329,"column":23}},{"start":{"line":329,"column":27},"end":{"line":329,"column":40}}]},"61":{"line":332,"type":"binary-expr","locations":[{"start":{"line":332,"column":34},"end":{"line":332,"column":48}},{"start":{"line":332,"column":52},"end":{"line":332,"column":63}},{"start":{"line":332,"column":67},"end":{"line":332,"column":72}}]},"62":{"line":333,"type":"binary-expr","locations":[{"start":{"line":333,"column":16},"end":{"line":333,"column":28}},{"start":{"line":333,"column":32},"end":{"line":333,"column":41}},{"start":{"line":333,"column":45},"end":{"line":333,"column":49}}]},"63":{"line":336,"type":"if","locations":[{"start":{"line":336,"column":4},"end":{"line":336,"column":4}},{"start":{"line":336,"column":4},"end":{"line":336,"column":4}}]},"64":{"line":336,"type":"binary-expr","locations":[{"start":{"line":336,"column":9},"end":{"line":336,"column":30}},{"start":{"line":336,"column":34},"end":{"line":336,"column":56}},{"start":{"line":336,"column":61},"end":{"line":336,"column":65}}]},"65":{"line":349,"type":"if","locations":[{"start":{"line":349,"column":6},"end":{"line":349,"column":6}},{"start":{"line":349,"column":6},"end":{"line":349,"column":6}}]},"66":{"line":364,"type":"if","locations":[{"start":{"line":364,"column":6},"end":{"line":364,"column":6}},{"start":{"line":364,"column":6},"end":{"line":364,"column":6}}]},"67":{"line":375,"type":"if","locations":[{"start":{"line":375,"column":4},"end":{"line":375,"column":4}},{"start":{"line":375,"column":4},"end":{"line":375,"column":4}}]},"68":{"line":380,"type":"cond-expr","locations":[{"start":{"line":380,"column":40},"end":{"line":380,"column":54}},{"start":{"line":380,"column":57},"end":{"line":380,"column":60}}]},"69":{"line":381,"type":"binary-expr","locations":[{"start":{"line":381,"column":14},"end":{"line":381,"column":32}},{"start":{"line":381,"column":36},"end":{"line":381,"column":53}}]},"70":{"line":382,"type":"cond-expr","locations":[{"start":{"line":382,"column":48},"end":{"line":382,"column":66}},{"start":{"line":382,"column":69},"end":{"line":382,"column":73}}]},"71":{"line":384,"type":"binary-expr","locations":[{"start":{"line":384,"column":15},"end":{"line":384,"column":26}},{"start":{"line":384,"column":30},"end":{"line":384,"column":32}}]},"72":{"line":408,"type":"if","locations":[{"start":{"line":408,"column":4},"end":{"line":408,"column":4}},{"start":{"line":408,"column":4},"end":{"line":408,"column":4}}]},"73":{"line":428,"type":"binary-expr","locations":[{"start":{"line":428,"column":32},"end":{"line":428,"column":59}},{"start":{"line":428,"column":63},"end":{"line":428,"column":65}}]},"74":{"line":430,"type":"cond-expr","locations":[{"start":{"line":430,"column":45},"end":{"line":430,"column":60}},{"start":{"line":430,"column":63},"end":{"line":430,"column":99}}]},"75":{"line":431,"type":"cond-expr","locations":[{"start":{"line":431,"column":39},"end":{"line":431,"column":51}},{"start":{"line":431,"column":54},"end":{"line":431,"column":70}}]},"76":{"line":445,"type":"if","locations":[{"start":{"line":445,"column":6},"end":{"line":445,"column":6}},{"start":{"line":445,"column":6},"end":{"line":445,"column":6}}]},"77":{"line":449,"type":"if","locations":[{"start":{"line":449,"column":6},"end":{"line":449,"column":6}},{"start":{"line":449,"column":6},"end":{"line":449,"column":6}}]},"78":{"line":449,"type":"binary-expr","locations":[{"start":{"line":449,"column":10},"end":{"line":449,"column":31}},{"start":{"line":449,"column":35},"end":{"line":449,"column":47}}]},"79":{"line":457,"type":"cond-expr","locations":[{"start":{"line":457,"column":58},"end":{"line":457,"column":62}},{"start":{"line":457,"column":65},"end":{"line":457,"column":82}}]},"80":{"line":461,"type":"cond-expr","locations":[{"start":{"line":461,"column":33},"end":{"line":461,"column":37}},{"start":{"line":461,"column":40},"end":{"line":461,"column":44}}]}},"code":["(function(self) {","  'use strict';","","  if (self.fetch) {","    return","  }","","  var support = {","    searchParams: 'URLSearchParams' in self,","    iterable: 'Symbol' in self && 'iterator' in Symbol,","    blob: 'FileReader' in self && 'Blob' in self && (function() {","      try {","        new Blob()","        return true","      } catch(e) {","        return false","      }","    })(),","    formData: 'FormData' in self,","    arrayBuffer: 'ArrayBuffer' in self","  }","","  if (support.arrayBuffer) {","    var viewClasses = [","      '[object Int8Array]',","      '[object Uint8Array]',","      '[object Uint8ClampedArray]',","      '[object Int16Array]',","      '[object Uint16Array]',","      '[object Int32Array]',","      '[object Uint32Array]',","      '[object Float32Array]',","      '[object Float64Array]'","    ]","","    var isDataView = function(obj) {","      return obj && DataView.prototype.isPrototypeOf(obj)","    }","","    var isArrayBufferView = ArrayBuffer.isView || function(obj) {","      return obj && viewClasses.indexOf(Object.prototype.toString.call(obj)) > -1","    }","  }","","  function normalizeName(name) {","    if (typeof name !== 'string') {","      name = String(name)","    }","    if (/[^a-z0-9\\-#$%&'*+.\\^_`|~]/i.test(name)) {","      throw new TypeError('Invalid character in header field name')","    }","    return name.toLowerCase()","  }","","  function normalizeValue(value) {","    if (typeof value !== 'string') {","      value = String(value)","    }","    return value","  }","","  // Build a destructive iterator for the value list","  function iteratorFor(items) {","    var iterator = {","      next: function() {","        var value = items.shift()","        return {done: value === undefined, value: value}","      }","    }","","    if (support.iterable) {","      iterator[Symbol.iterator] = function() {","        return iterator","      }","    }","","    return iterator","  }","","  function Headers(headers) {","    this.map = {}","","    if (headers instanceof Headers) {","      headers.forEach(function(value, name) {","        this.append(name, value)","      }, this)","    } else if (Array.isArray(headers)) {","      headers.forEach(function(header) {","        this.append(header[0], header[1])","      }, this)","    } else if (headers) {","      Object.getOwnPropertyNames(headers).forEach(function(name) {","        this.append(name, headers[name])","      }, this)","    }","  }","","  Headers.prototype.append = function(name, value) {","    name = normalizeName(name)","    value = normalizeValue(value)","    var oldValue = this.map[name]","    this.map[name] = oldValue ? oldValue+','+value : value","  }","","  Headers.prototype['delete'] = function(name) {","    delete this.map[normalizeName(name)]","  }","","  Headers.prototype.get = function(name) {","    name = normalizeName(name)","    return this.has(name) ? this.map[name] : null","  }","","  Headers.prototype.has = function(name) {","    return this.map.hasOwnProperty(normalizeName(name))","  }","","  Headers.prototype.set = function(name, value) {","    this.map[normalizeName(name)] = normalizeValue(value)","  }","","  Headers.prototype.forEach = function(callback, thisArg) {","    for (var name in this.map) {","      if (this.map.hasOwnProperty(name)) {","        callback.call(thisArg, this.map[name], name, this)","      }","    }","  }","","  Headers.prototype.keys = function() {","    var items = []","    this.forEach(function(value, name) { items.push(name) })","    return iteratorFor(items)","  }","","  Headers.prototype.values = function() {","    var items = []","    this.forEach(function(value) { items.push(value) })","    return iteratorFor(items)","  }","","  Headers.prototype.entries = function() {","    var items = []","    this.forEach(function(value, name) { items.push([name, value]) })","    return iteratorFor(items)","  }","","  if (support.iterable) {","    Headers.prototype[Symbol.iterator] = Headers.prototype.entries","  }","","  function consumed(body) {","    if (body.bodyUsed) {","      return Promise.reject(new TypeError('Already read'))","    }","    body.bodyUsed = true","  }","","  function fileReaderReady(reader) {","    return new Promise(function(resolve, reject) {","      reader.onload = function() {","        resolve(reader.result)","      }","      reader.onerror = function() {","        reject(reader.error)","      }","    })","  }","","  function readBlobAsArrayBuffer(blob) {","    var reader = new FileReader()","    var promise = fileReaderReady(reader)","    reader.readAsArrayBuffer(blob)","    return promise","  }","","  function readBlobAsText(blob) {","    var reader = new FileReader()","    var promise = fileReaderReady(reader)","    reader.readAsText(blob)","    return promise","  }","","  function readArrayBufferAsText(buf) {","    var view = new Uint8Array(buf)","    var chars = new Array(view.length)","","    for (var i = 0; i < view.length; i++) {","      chars[i] = String.fromCharCode(view[i])","    }","    return chars.join('')","  }","","  function bufferClone(buf) {","    if (buf.slice) {","      return buf.slice(0)","    } else {","      var view = new Uint8Array(buf.byteLength)","      view.set(new Uint8Array(buf))","      return view.buffer","    }","  }","","  function Body() {","    this.bodyUsed = false","","    this._initBody = function(body) {","      this._bodyInit = body","      if (!body) {","        this._bodyText = ''","      } else if (typeof body === 'string') {","        this._bodyText = body","      } else if (support.blob && Blob.prototype.isPrototypeOf(body)) {","        this._bodyBlob = body","      } else if (support.formData && FormData.prototype.isPrototypeOf(body)) {","        this._bodyFormData = body","      } else if (support.searchParams && URLSearchParams.prototype.isPrototypeOf(body)) {","        this._bodyText = body.toString()","      } else if (support.arrayBuffer && support.blob && isDataView(body)) {","        this._bodyArrayBuffer = bufferClone(body.buffer)","        // IE 10-11 can't handle a DataView body.","        this._bodyInit = new Blob([this._bodyArrayBuffer])","      } else if (support.arrayBuffer && (ArrayBuffer.prototype.isPrototypeOf(body) || isArrayBufferView(body))) {","        this._bodyArrayBuffer = bufferClone(body)","      } else {","        throw new Error('unsupported BodyInit type')","      }","","      if (!this.headers.get('content-type')) {","        if (typeof body === 'string') {","          this.headers.set('content-type', 'text/plain;charset=UTF-8')","        } else if (this._bodyBlob && this._bodyBlob.type) {","          this.headers.set('content-type', this._bodyBlob.type)","        } else if (support.searchParams && URLSearchParams.prototype.isPrototypeOf(body)) {","          this.headers.set('content-type', 'application/x-www-form-urlencoded;charset=UTF-8')","        }","      }","    }","","    if (support.blob) {","      this.blob = function() {","        var rejected = consumed(this)","        if (rejected) {","          return rejected","        }","","        if (this._bodyBlob) {","          return Promise.resolve(this._bodyBlob)","        } else if (this._bodyArrayBuffer) {","          return Promise.resolve(new Blob([this._bodyArrayBuffer]))","        } else if (this._bodyFormData) {","          throw new Error('could not read FormData body as blob')","        } else {","          return Promise.resolve(new Blob([this._bodyText]))","        }","      }","","      this.arrayBuffer = function() {","        if (this._bodyArrayBuffer) {","          return consumed(this) || Promise.resolve(this._bodyArrayBuffer)","        } else {","          return this.blob().then(readBlobAsArrayBuffer)","        }","      }","    }","","    this.text = function() {","      var rejected = consumed(this)","      if (rejected) {","        return rejected","      }","","      if (this._bodyBlob) {","        return readBlobAsText(this._bodyBlob)","      } else if (this._bodyArrayBuffer) {","        return Promise.resolve(readArrayBufferAsText(this._bodyArrayBuffer))","      } else if (this._bodyFormData) {","        throw new Error('could not read FormData body as text')","      } else {","        return Promise.resolve(this._bodyText)","      }","    }","","    if (support.formData) {","      this.formData = function() {","        return this.text().then(decode)","      }","    }","","    this.json = function() {","      return this.text().then(JSON.parse)","    }","","    return this","  }","","  // HTTP methods whose capitalization should be normalized","  var methods = ['DELETE', 'GET', 'HEAD', 'OPTIONS', 'POST', 'PUT']","","  function normalizeMethod(method) {","    var upcased = method.toUpperCase()","    return (methods.indexOf(upcased) > -1) ? upcased : method","  }","","  function Request(input, options) {","    options = options || {}","    var body = options.body","","    if (input instanceof Request) {","      if (input.bodyUsed) {","        throw new TypeError('Already read')","      }","      this.url = input.url","      this.credentials = input.credentials","      if (!options.headers) {","        this.headers = new Headers(input.headers)","      }","      this.method = input.method","      this.mode = input.mode","      if (!body && input._bodyInit != null) {","        body = input._bodyInit","        input.bodyUsed = true","      }","    } else {","      this.url = String(input)","    }","","    this.credentials = options.credentials || this.credentials || 'omit'","    if (options.headers || !this.headers) {","      this.headers = new Headers(options.headers)","    }","    this.method = normalizeMethod(options.method || this.method || 'GET')","    this.mode = options.mode || this.mode || null","    this.referrer = null","","    if ((this.method === 'GET' || this.method === 'HEAD') && body) {","      throw new TypeError('Body not allowed for GET or HEAD requests')","    }","    this._initBody(body)","  }","","  Request.prototype.clone = function() {","    return new Request(this, { body: this._bodyInit })","  }","","  function decode(body) {","    var form = new FormData()","    body.trim().split('&').forEach(function(bytes) {","      if (bytes) {","        var split = bytes.split('=')","        var name = split.shift().replace(/\\+/g, ' ')","        var value = split.join('=').replace(/\\+/g, ' ')","        form.append(decodeURIComponent(name), decodeURIComponent(value))","      }","    })","    return form","  }","","  function parseHeaders(rawHeaders) {","    var headers = new Headers()","    rawHeaders.split(/\\r?\\n/).forEach(function(line) {","      var parts = line.split(':')","      var key = parts.shift().trim()","      if (key) {","        var value = parts.join(':').trim()","        headers.append(key, value)","      }","    })","    return headers","  }","","  Body.call(Request.prototype)","","  function Response(bodyInit, options) {","    if (!options) {","      options = {}","    }","","    this.type = 'default'","    this.status = 'status' in options ? options.status : 200","    this.ok = this.status >= 200 && this.status < 300","    this.statusText = 'statusText' in options ? options.statusText : 'OK'","    this.headers = new Headers(options.headers)","    this.url = options.url || ''","    this._initBody(bodyInit)","  }","","  Body.call(Response.prototype)","","  Response.prototype.clone = function() {","    return new Response(this._bodyInit, {","      status: this.status,","      statusText: this.statusText,","      headers: new Headers(this.headers),","      url: this.url","    })","  }","","  Response.error = function() {","    var response = new Response(null, {status: 0, statusText: ''})","    response.type = 'error'","    return response","  }","","  var redirectStatuses = [301, 302, 303, 307, 308]","","  Response.redirect = function(url, status) {","    if (redirectStatuses.indexOf(status) === -1) {","      throw new RangeError('Invalid status code')","    }","","    return new Response(null, {status: status, headers: {location: url}})","  }","","  self.Headers = Headers","  self.Request = Request","  self.Response = Response","","  self.fetch = function(input, init) {","    return new Promise(function(resolve, reject) {","      var request = new Request(input, init)","      var xhr = new XMLHttpRequest()","","      xhr.onload = function() {","        var options = {","          status: xhr.status,","          statusText: xhr.statusText,","          headers: parseHeaders(xhr.getAllResponseHeaders() || '')","        }","        options.url = 'responseURL' in xhr ? xhr.responseURL : options.headers.get('X-Request-URL')","        var body = 'response' in xhr ? xhr.response : xhr.responseText","        resolve(new Response(body, options))","      }","","      xhr.onerror = function() {","        reject(new TypeError('Network request failed'))","      }","","      xhr.ontimeout = function() {","        reject(new TypeError('Network request failed'))","      }","","      xhr.open(request.method, request.url, true)","","      if (request.credentials === 'include') {","        xhr.withCredentials = true","      }","","      if ('responseType' in xhr && support.blob) {","        xhr.responseType = 'blob'","      }","","      request.headers.forEach(function(value, name) {","        xhr.setRequestHeader(name, value)","      })","","      xhr.send(typeof request._bodyInit === 'undefined' ? null : request._bodyInit)","    })","  }","  self.fetch.polyfill = true","})(typeof self !== 'undefined' ? self : this);",""],"l":{"1":1,"4":1,"5":0,"8":1,"12":0,"13":0,"14":0,"16":0,"23":1,"24":0,"36":0,"37":0,"40":0,"41":0,"45":1,"46":0,"47":0,"49":0,"50":0,"52":0,"55":1,"56":0,"57":0,"59":0,"63":1,"64":0,"66":0,"67":0,"71":0,"72":0,"73":0,"77":0,"80":1,"81":0,"83":0,"84":0,"85":0,"87":0,"88":0,"89":0,"91":0,"92":0,"93":0,"98":1,"99":0,"100":0,"101":0,"102":0,"105":1,"106":0,"109":1,"110":0,"111":0,"114":1,"115":0,"118":1,"119":0,"122":1,"123":0,"124":0,"125":0,"130":1,"131":0,"132":0,"133":0,"136":1,"137":0,"138":0,"139":0,"142":1,"143":0,"144":0,"145":0,"148":1,"149":0,"152":1,"153":0,"154":0,"156":0,"159":1,"160":0,"161":0,"162":0,"164":0,"165":0,"170":1,"171":0,"172":0,"173":0,"174":0,"177":1,"178":0,"179":0,"180":0,"181":0,"184":1,"185":0,"186":0,"188":0,"189":0,"191":0,"194":1,"195":0,"196":0,"198":0,"199":0,"200":0,"204":1,"205":2,"207":2,"208":0,"209":0,"210":0,"211":0,"212":0,"213":0,"214":0,"215":0,"216":0,"217":0,"218":0,"219":0,"220":0,"222":0,"223":0,"224":0,"226":0,"229":0,"230":0,"231":0,"232":0,"233":0,"234":0,"235":0,"240":2,"241":0,"242":0,"243":0,"244":0,"247":0,"248":0,"249":0,"250":0,"251":0,"252":0,"254":0,"258":0,"259":0,"260":0,"262":0,"267":2,"268":0,"269":0,"270":0,"273":0,"274":0,"275":0,"276":0,"277":0,"278":0,"280":0,"284":2,"285":0,"286":0,"290":2,"291":0,"294":2,"298":1,"300":1,"301":0,"302":0,"305":1,"306":0,"307":0,"309":0,"310":0,"311":0,"313":0,"314":0,"315":0,"316":0,"318":0,"319":0,"320":0,"321":0,"322":0,"325":0,"328":0,"329":0,"330":0,"332":0,"333":0,"334":0,"336":0,"337":0,"339":0,"342":1,"343":0,"346":1,"347":0,"348":0,"349":0,"350":0,"351":0,"352":0,"353":0,"356":0,"359":1,"360":0,"361":0,"362":0,"363":0,"364":0,"365":0,"366":0,"369":0,"372":1,"374":1,"375":0,"376":0,"379":0,"380":0,"381":0,"382":0,"383":0,"384":0,"385":0,"388":1,"390":1,"391":0,"399":1,"400":0,"401":0,"402":0,"405":1,"407":1,"408":0,"409":0,"412":0,"415":1,"416":1,"417":1,"419":1,"420":0,"421":0,"422":0,"424":0,"425":0,"430":0,"431":0,"432":0,"435":0,"436":0,"439":0,"440":0,"443":0,"445":0,"446":0,"449":0,"450":0,"453":0,"454":0,"457":0,"460":1}}}